样本 [30738 17086  4727 26519 30583 38754 19399 24326 53421 35346 11685 17423
 33449 49694  5230 40407 10018 54537 29287 21275 13859 47845 33310  8154
 23494 50675 16445 36540 35418 40297 54349 41114 10755 23499 45467 16748
 24245 53187 40390 35331 40658 24683 16795 37541 29801  2609 16452 53385
 26173 16553 23448 30585 52609 28288 44432 10908 42141 15494 12670 36036
 47950 47442 19304 11833 21005   937 27346 36881 19781 53114 51094 53516
 44088 23737 49006 30818 54355 10117 15510 24668 52792 37557 39933 26115
  1461 14204 54604 28472  8338 24062 16643 23917 27034  9335 17296 31170
 43248 16570 12704 35389 13642 45737  4503 28379 14138 50075 22244 40989
 21221 43430 14295 27917 37735  7740 24434  5545 47829 32025 17152  8519
  6263 51831  1834 14009 30504 23598  4314 24126 39604 11153 17318  1522
  9743 25365 48055 22126 40898  3871 14361 52211 50271  3400 32245 35398
 25176 26817 30294  3075 49002 26088 17737 15156 11103 17874 20254 31420
 44926 11107 35849 26106 51197  1004 24942 48571 18032 51504 16829 32216
 18444 48587 15366  4395 22878 19924 34908 30459 12550 30654  3556 49720
 48663 46462 44180 22157 43183 16315 24266 30720  2451 31657 35573 51325
 27693  9025 20686 49221 23018 12132 42884 21969 15829 44145 17770 50120
  8542 18787 19778 46833  1123 54974 36410 14230 26422 14857 40120 29191
 42491 29482 39447 45557 46400 47270 33289 16866 19732 20417 25545 33125
 31104 15756 16109 20501 23832 48526 21287 15335  8871  2802 37823  2386
 47208 38877  4405  3818  5214 29138 33753 27247 13760 48927  5810 24269
 45189 23920 31987 12809 51043 20682  7108 45598 33152 27644 50167 25149
  9837 23259 47695 44071 38001 48885 26428 52630 12905 18164 47823  1377
   114 51723  6194  4099 35690 23089 36206 26493 26167 28664 53445 36316
 47194 39435 45804  8596 54482   815 32859 48338 13952 47204 29395 51161
 17281 33220 52610 15131 19110 42272 40094 30928 12091  3963 46675 28908
 38364  4006 22241 52310 18958  7949 30017 10688 34102 53144  4663 52243
 37943 20576 22193 52441  1592 10980 14712 52750 44095  7675 27570 17448
 19892 52308 24921 41234 41606 20810 14811 52275 17611 30941 28867 25438
  4088 39861 20926 52411 52931 49743 35674 11530 22980 12219 13089 12035
  8152 40706 50289  9659 52533 19431 31344 27614 24719  7126 33512 16468
  8520 27182 15687 19564 37367 51281  8484 39011 47269   110 10247 24939
 23730 11544 51747  8462 40147 17903  3108 35009 35136  2026 11342 32974
  9901 35488 27677 35625 35379  9460 33689 17162 38161 22499 39390 51429
 29093  7471 19458 50958 54634  6245 24810 30445 30417  4824 11667 33040
 45640 49953 35581  6690  9062 22742 46977 21631  9120  3545 48141 39713
 34672 28073 31008 33949  5991 33419 32520  8851 29463 33970 36815  8812
 41464  6855 20899  1020 47925 33755 34375  2106 26716 13024 54276 29216
  9829 25791 48750 33225 28916  6694 37901 36516 39173 24111   854 45304
 32047  5110 23308 10052  5331 22199 36345 29290 36115  1194 27674 49616
 23268  8492 39637 49838 20489  4341 14904  6761  5421 30787 46804 12819
 39152 22867  1859 40638 10935 28655 46388 49090 37206 21180  7515  7216
   933  2117 36509 46343 25394 11592 40901 31975  4331 18227 25296 40204
 11381 40734 28424 18073 44567 29916  9647 34716   513 35278 29257 46328
 10418 53777  2137 34995 27729 37141 40424 50456 21509 39339 35525 20220
 29460  2016 43762 22823 35249 45253 32901 34897 34276 54709 42265 34371
 32580  2150 19728 31012 32217  6550 25130  1162 48100 39581 16986 51973
  1225  4177 17087 43576 40998 42313 28756 31396 32662 54228 33619  9336
 26454 18388  7559 44085 15728  2224 16848  8304  1586  9210  5533 23807
 25305 23137 14326 30711  3753 19526 15665 30231 32700 30604 54452  9346
 35900 32501    33 32478 43515 30465 16865 40835 28460 14429 45664 21757
 46836 12858  7111  2713 40289 30388 34434 39672 27734 38302 16481  4148
 19519 10398 29935 22585 27290 44577 26799 40625 44697 10060  5932 28213
  9991 19440 32720 40521 24967 11575  4044 34539 35606 34945 11277 53747
  2967 22354  4634 19764 21793 15941 40595 39384   828 14387 46217 33427
 10379 44123 27347 39155 17372 40359 52920 24697 10268  7137 40621 25308
 12253 54287 44853 34961  7741 39427  9169 13098 10574 19061 46132 51622
 29360  8253 23153 53314 12547 27658 45506 41555 40623  3278 34410 45117
 40571 26661 16456 40768  6481 53821 15676 54298 19160 42777 38815   581
 44214 13224 14580  8811 36599 30697 53294 27434 15522 10842 39821 23866
  2063 21365 47992 41782 12060 22781 39665 50787 21126 49307 18905 33985
 35299 35282 37757  1953 48066 48155 18987 13919 10451  9836 29515 53563
 41548 34675 21629 48157 31528 21489 26585 17271 37592 31813 14780 50298
 40013 14403 32412 15382 36791 20165 24976 42953 23553 41530  4766 14804
 36122 48958 22846 41532 12976 43283  5487 25466 30247 54651 18283 11802
 33415 20642 53416 39917 24803 30235 52751  5752 15773 16205 36471 33302
 49974 10627 27486 34246 25916  9178 45953 39744  6579 40203 28142 28786
 41309 44152 15891 29230  5575 16388 34853 19257 32158  1972 52743 24176
  4219 54865  5961 26779 45680 23104 41232 53602 22223 50052 19356 10607
 20358  5926 20142 25048 45693 17155 50400 13178 39409 19939 45552  9227
 41552 23150 16599 33262 27243 48792 41864 45045 25146 26368  7391 21357
 50702 45260 43821 37264  5401 42057 51964 17769  6328 20970 38979 21702
 30054 32943 26851 17930 41903 41859 26754 36597 54676 21974   860 52642
   180  6544 26999 28616 47215 13408 19968  5207 26872 51633 46848 37937
  6590 18565 41393 41137 37098 19943  8803 39910 10992 47977 52652 27210
 22357  7207 29253 29034 24117  4198 36971 15630 15872  6716 49497  7291
  6339  7251 46476  8907 11869 23224 19062 10883 36183 48609 32808 26929
 36299 42229 49103 19651  1308 42705 17488 43895   444  2547 24025 33905
 21344 10347  7739 24412  4149] 被查询，新的准确率: 0.87
样本 [48737 19671  6033 51483 51452  6158  4210 16626 49819  3167 38260 48789
 40244 16690 18941 20539 28554  2772  7896 31637 41723 25234 53864 19555
 25757  7367 43625 43757  6667 45029 31691 38486 29713 50365 18118 25754
  4560 27502 22718 21716 21284 40334 43296 15126 20216 20181 40884 21445
 41572  7615  6753 31538 40971 52277 19850 15117 51600 40933 27281 16950
 33838 22805 11966 21972 47556 48851  3773 14311  1629 38347  4825  1975
 32509 27222  3677 39247 38441 34407 23632 50374 21565 12294    52  6606
 13205 31672 50854 52415 29238 50951 41684 18529 13774   801 23859 22363
 51063 33335  6666 48081 44336 39145  9147 25182 49557 50415 22219  5136
 18377 40753  8970 53216 43001  5486 19591 36988 48099 50114 24447  4666
 18893 34363 53510 24050  5866 44465 23119 16204 24200 23537 13448  6280
 25892 45193 37520 27253 23938 12379 14002 48248 42442 40112 16398  5170
 50630  6690 19821 29418 45159 45588 18933 32752 36919 44500 46833 42894
  5004 28353 37114 20101 34849  6876 16973 29858 44636 50035  8160  7806
  6631 25934 43928 42551 42411 22658 51573 25192 10742 18358 36471 52838
 20066 13634 30182 32511 24568  9823 32788 39606  2333 32346 42942 23142
 47940 25994 53373 47540 13708 35781 44427 33085 47403 46742  3745 16046
  4532 15273 35150 34742 13549 25746 39284  5546 16437 46139 22081 44852
  8402    92 32323 26882 28685 38879 30645 29705 22806  3524   164 43827
 16837 49299 22199 32930 10042 18016 17335 10927 36285 35516  5134 48928
 31699  9340  4058 51649 38815 13162   574 38214 44667 16635  1192  7126
 28011 33624 31287 52634  6175 50155 18574 46658 13647  7867 10580 44744
 10613 35892 27176 27325 18689 23596 37894 20011  5676 50209 17443 35275
 13507 53938 28044 29613 16662 38264 30811 20658 46656  6426 35826 46275
 52945 30774 12078 31001 24672 34154 50169  1134 32858 45245 23071 43903
 21633 39370 25099 20155 53953 26626 42291  5038 31302 51254 51451 31612
 33024 23877 19895 47085 40583  3270  1004  7437   729 36803 45165 44458
 45276    15 53740 44751 37530 29990  8036 28536  7180 52031 16659 27262
  9528 43828 18658   475 14111 48491 38286  8648  5590 11408 33874  7660
 31564  2616 27808 47484 47048  7333  6212 15574 20532 30635 15845 20045
 29415 43602  6553 23967  6788  7595   298 25193  1261 32672 35780  1652
 38548 20920 37186  5197 44292 25261 19896 51513 31594  3747 42599 25620
 10435 35665 35964  3314 37914  9516 11727 39918 26265 35035  3958 52552
 23695 32957 46607  5380 50525 42542 50806 50372 23448 51766  2430 23832
 47379 21274 52637 38014 23770 52527 52103 39820  2014 33713 51835 21838
  4218  5207   938 15376 38877 25918 33273  7895 25470 38422  3360 42531
 39013 19159 44571 44855 15568 23402  5321  1733 14140 22597 36433 24467
 39528 46674 22765 44913 42663 10727 23925 35487 52358 37350 23075 41090
 31955 29703 37830 31841 40973 48988 16478 31101 22751 54057 50239  6797
  3755 24655 33388 13052 33991 17050 41560 40248  2768 15853 23625  4195
 43601 42819  5825 31762 20656 33868 14222 14314 31939 47410 44001 17153
 30119 51959 43805 30096 34238 18709 37662  3832 39404 50377 47131 12445
  7076  9700  5951  1534 46748 15512 50543 41294  5901 48847  5820 13142
  5643 47097 49877 13080 38184 14084 40458 45153 20806 51626 21193 44813
  5981 36160 10337 36709 22800 15803 27054 45224 17673 22016 22123 12561
 29973 43316 23913 10983  3610 24787 50345 50319  9431  6272 48924    27
 16248 40441 46011 38398 53815 25766 36376 17417 21017 13738 34683 16920
 29426  9865 24673 34756  5178  5809 48305 37314 28684 50044 14469 39289
 46847 15338 22425 20097 18294  4539 29717 47385 18952 42349 14240  5483
 23280 33469 32465  1831 24293  3212 19286 12490 27444 14337  8328 38824
 44768 46915 32688 28724  4048 33858  5392 15699 38831 34202 50723 12931
 25251 35559  8974  7738 35201 52281 18189 16262 32838 23296 42635 27304
 22603 49197 34301 40086 25854 39034 16755 14071   957 41946  9756 18084
 14187 48000 49552 20289 47957  4021  5139 16804 13026 49367 26405  1749
  8512 41635 39684 47305 14373 44583 40616 17426 18467 12284 24277 27835
  9761 30393 51624 12716 38542 21428 33063  2221 31122 19725 22245 24697
 49792 44873 46911 48593 51288 41604 53345 53127 48810 51872 18215 13022
 47018 30328 40704 40575 30828  1895 20003 27180  4148 52651 41562 12898
 24554  6999 43454 42626 14991 22427 31033 40549 41113 11557 21499 23437
 15080 34488 37551 38221 12162  3394 40522 43068  1838 39365  1034 50142
 16842 40203 39183 21826 15753 18918 19609 17803 52785 35047 42570 22078
 28712 53184 37632  8465 43489   723 17991  4212  1951 36845 26139  2671
 31128 50397  4203 50079  3500  5683  5617  5383 31082  5063  4833 36117
 28057  1431 18406  4452 26654 52446 21075 21082 44430  7196 48899  2103
 48131 13029 46796 41312 44305 51125  3148 31917 22112  3066 29524 27787
 23178 45116 37850 31540  8422 14510 27096  3712  4867  9849  9685 31113
 38195  4325 31766   887 42725  1846 23699  7913 28959 18684  6384 37831
 32457  6615 29428 41166 30490 35872 48173 42682 10085 27481 49266 10478
 45696 38343  5352 26702 34345 48513 18165 40678 14789 16085  2003 40833
  1867 45487 25677 42745  6240 45490  4518 17768 51611  9007 48919  6054
 40019 35175 53821 25373 25014 40625  3863 46525 49236 17073 23111 11822
 26218 27682 35453 53375 47960 52783 27080 14055 22502 34595 42990 17491
 46670 35073 20457 43204 31154 48227 47114 53251 47664  8578 35786 49593
 14331 10881 16630 12037 52101 53608 47693 52555 17775  6010 44997 26198
 34684 42863 31208 43952 24545 25893  1575 45234 39305  1617 46457 38952
 18350 52618 53412 38040 30888  2231 37479 18162 39315 33229 10128   979
  6907 23173  6740 39903  2920 43971 52482 29638 25075 41563 16645 22039
 52374 18556 47763 19957  5822 52861 50067 21004 53538  3642 35708 50870
 30000 45268  5052 23140 32564  4374 43453 11742  9517 53639 18188 52012
 15207 28257  5330 33118 45478 33747] 被查询，新的准确率: 0.97
样本 [28337 23464 22610 10789 22821 38784  5572 44796 26389   639 27898 30805
 35543   170  5976 31165 11902 10166 44118 40732  8159 34286 16533 46581
 52689 11177 22306 23361 37947 18655 31822 51842 30001 47076 48278 20328
 18574 47316  9184 22277 10257  8758 33413 21254 43712    43 23560  9154
 47193 39464 44939 37259 49095 39824 35681 44264 47922 16964  1714 25889
 49435 26190 20724 12446 20568 40860 40822  5525 14713 41487 34829 22338
 36527 48500 41596 27692 28436 18051 31484 45369 27967 41303 45294 49731
 29611 25572 35063 50983 34962 24874 33877  8528 26920 48024 13999 32905
 15531 43803  5440 23941 17758 29178 44438 12765 10563 46522 42060 46678
 24802 41713  3590 49952 41343 35018 19469  1924  4826 44097 45355 14989
 43818 21953 30924 16574 20745 47666 29839 36363 51373 25244  9302 45775
 12654 28670 15678 48212 44962 31532  8030  5402 50262 29946 28550 36130
  9521  7710 16011 34332 22950 34344 41723 24875 31375 35673 32245 39355
 14639 42083   924  3077 33024 47890 46507 43849 31361 48280 12767 18156
   635 30513 21595 30777  8329 39892  5827 15273 19663 29336 52371 49491
 14849 28884 13727  7539 44885 28661 26208   974  2952 42633  2510  3208
  9035 10134 44675  6175 44712 22366 35973  9790  9157  9743 35961 30936
  2753  2135 23568  2452 13807 35537 21299  2650 25924 10484  4298 36910
 35668 52753 14958  2457 20527 50231  3489  7239 42478 33249 35275 45265
 17847 48913 25318 20295 25870 37177 46136 23449 36713 21619 14702 27762
   987  3889 19077 37261  1870 24191 35385 22795 37022 19079 46055 33784
 16676 20013 42829 33123 43179 31032 49267  4523 14169 16990 38093 38968
 41966 43048 18232 16841  3799 22662 14987  3814 22276 17487 38300 27862
 28192  2964 10440 25183 36739 32987  5869 30809 27192 20280 17463 30317
  4520 38547 44263 17366 44178 27288 24226 24493 34996 36792 13876 48532
 27808 49359 32921 29499  8074  6011 45004 20898  9956 45295 41876  3760
  3445 39927 48825 18577 27472 38782 11771 43983 21549 10805   822 35028
 45924 38246  9313 37565  6895 42069 39641 27021 21062 20102  1882 15305
 24180 24466 21185 31616 13554   802 29802 42369  3934 15580  6863 40118
 52133 46053  5978 23740 23268 34697 20492 11768 11786 49444 13887 16518
 32241 37042 32085 19194 37039 49869 41673 41665 36270 23505 37769 33966
  8733 46793 37746 31422 29705 12535 16388 48471 10594 37726 13950  6541
  4549 45850 15962 49127 36312 41160 10140 13251 26069 18114 29366 50424
 38039 14358 27129 33957 14175 41732 37557 47865 10812 14533 36663 18668
  3159 16420 45870 43999 35387 25074 16194 12744 40262 41116 17691 46898
 38905  7483 43507 48873 13926 10513  1488 11803 24862 29602  2842  5013
  7165 27057 28568 11399 25708 16660 21832 43359 23357 18117  1422  1997
 40830 15902 32602 19812 41190  9014  7834 23584 34242 34891 16826 35891
 38455  3131  4058  5133 41193 36959  7458 41808 33059 24688 43153 21994
 37516 21872  5436  2236 41309 16037 29765 13911 31723 43212 18132 52152
 19910 37034 27781 29154 20401 29301  7089 19735 11884 42100 19233 47947
 45267  2079  9081 18345  8373 32643 45465 27306 35227 43885   308 49040
 15936 43855 52820 41040 40583 14044 49597 43580 18940 20021 34318 30214
 38870  5340 19503 23446 18245 21361 43697 40333 12802 51983 31332  9480
 16466 42121  3708 42591  7701 29649  4599 18333 37553 31078 33011 20573
 28152 34020  2039 12053 27063 18133 17531 46472 51067 16837 23838 13129
 18565  1523 48006 21071 33396 46802 13408 14469 39261 18648 23437  2628
 26488 20205 45569 17341 36103 40208 23691 50086 13792  2310 11523 41044
  4443  2173 25811 29491 24417 33516 34664 42379   695 11048 31168  5311
 34029 51293 17868 16251 28868 52453 31143 13518 48652 42736 43608 26288
  5313 38015 10999 24339 44466 14228 33473 23583 47103 46128  4874 29601
 40493 44866 13480  5306  9266 23307 40457 35345 37479 31038 52796 50833
 20530  3249 26942  2307 18676 51792 17680 27295 33021 39796 45537  5166
  4110  6705 27471 28937   461 33155 42406 37078 33049  5527   833 38321
 14372  5625 19147 37780 16999 32143  3701 31212 19244 44405 21630 18031
 28151 12505 46394 41662 44219  9760 15296 48848 20007 44663 35812 35084
 40254 35492 38017 15075 40341 27648 37895 38174 50968 19647 19621 31277
 11283 10361 11317   293  3920  5374 36043 16886  1404 13344   509 52343
 49703  8507 12492  2993 22065 48320 14547 49078 51354 52269 19483 24006
 30343 42589  6060     7  2781 34797  4839 49964 50881 13925 53048 49785
 25808 51017 39063 32680 48496 53049 12518 26799 32377 49633 12648 10959
  4461 15428 33891 44477 41039 32745 16498 17099 23485 50507 46435 18134
 12155 15895 42368 19456  1829  4241 28622  2862   488 12234 36525  8386
 48327 49998 21943 23030 17369 43239 24577 16125 26342 47583 32495  7036
 24192 50095 16024 44769 37960  5697 46978 43835 32857 38608 49351 14465
 14296 31241 26657 46417 41776 30201 44625 47765  6266 34785 20908 53010
 51906 50405 47711 50945 40950 36885 40671 15885 52388 39745 45748 52484
 38157 27346 25936 49791 17052 11664 47017 16304 43368 28169 43590 35569
 27428 52886  8531    59 36592 43330 24249  6813 17021 14128 33901  1675
 29956 38875 28536 43773  3668 38835 36040 20059 24621 19867 18677 36458
 36395 25841 11680 25044 42596 28570 17987  6092 41440 28139 30545 13224
 21672 21899 51684   518  6609 27937 19105 18012 15882 10541 27283 11170
 49708 38400 14960  4288 48734 15652 11447 36348 20877 38352 17818 17792
 28992 26710  8317 28435 43246 10707 34867 44029 29398 12270 25492 14432
 35403  4634 43897 27561 29026 43050  5563 18739  9736 36254 12874 22291
 36539  3924 29468 15347 24741 52953  1861 39780 34632 17996 19835 42262
 26856 13367 51521 21047  9750   920 31605 48321   728  9825  3545 17195
  9314 44646 32057  5281 34605  6573 31534 52119 42813 11134 14986 46103
 24089 51128 26883 16203  3620  8088 49843   278 12710  3488 48154 25834
 52986 31080 44794 44878 16019 47135 25486 40861 11299 29207 39304 17730
 45112 39962 18489 31957 52860 11066  9050 37912 33740 18837 36005 37632
  7308  9079 20579 34596 20381 38697 14745 43123   502  4382  3695 30689
 30118 48810 49990  4293] 被查询，新的准确率: 0.93
样本 [19295 40685 36383 19659 44878 27106 30767 48902  9749 30707 40104 20013
 21601 28932 48644  9149 47583 14389   106 28784 11672 33610 51016 46640
 17766 17403 47212 31238 36227 38392 17285 40931 32053 15633  9311 39897
 51206  8460 20924 39098 38099 27794 48050 27732  1365 23879 34561 12719
 11815 16819 37350 35928 27369 31327 29991 25082 42965 42360 39824 48706
  7311 34388 33338 20149 32947 47877  3516 32316   624  2479   855  3076
 42026 40913 12149 18833 37773 34350  1287  8295  6779  6285 38591  2774
  3727 50174 44256  2489 30590 35238 42877 17211 34427 32812 25027 10050
 31316 28502 41141 45686   353 14482  8526 51225  2903 11975 39172 49548
  5295 38870 18399  5491 50969  3728 39494 14643 41777 33938 28281 17498
  7406 22117 33799 48637 37330  4592  8472 14772 24301 41324  2600 40887
 34771 28309  6195  1393 43778  7287 46589 43274 46909  6165  9709 33918
 27924 41550 49113 50228 42785  6129 20699 45349 46805 50423 44208 26256
 39452  5673 12860 30755 39575   826  6408 51569  5705 42114 28914  8344
 12591  6594 13098  4338 40927 28875 18154 14895 14886 35043 19332 20040
 50660 11978 12848 21930 39721 34944 10310  4170 37104 45348 38497 34034
 27887 33269 47166 28446 44215 24901 39867  5889  3823 31512  8814 13969
 21879 17980     2 18610  9051 37247 44534 25198  3513 30671 25506  9188
 24618 13742  6541 46323  9576 18315  4793 46770 34645 44811 21022  2446
 26182  9389 43223 36402 15684 33251 50308 15484 38580   622 42672 22485
  3205 32934 31166 20973  4952  7750  1531 26727 33905 34792 38271  3808
  4319 30197 10399 21223  9046 26515 37256 37190 15034 13813 50360 42799
  4232  1808  4329  7347 14949 14355 37505 41333 31896 25646 46802 37389
  8787 15264 15651 48193 16814  1541 29901 50209 48887 28937  7350 28039
 35413 34435 11591 52009  3442  4009 15660 24159 12881 50168 46342 30132
 50082 14072  1114  3588 45558  9731 39119 32219 44283 42151 26947 44284
 46800 13006 50750 15021 43447 15125  7641 46061 45171 38779 32756 14512
 16158 48572 32000 47516 20700 11696  4085  7925 51358 32393 41510  1909
 22386 15518   480 32180 20139 47131  3787 17910 16089 41433 37713 40212
 44213 24447 23366 21139 20500 25471 18713 38624 42220 39509 13082 25452
 28982 16150 19945 19303 28231  3168 36943 26070  2545 38252 42004 37313
  5024 37496 10663 45068 51656  3167 15837 25595 40404 42754 28186 18433
 24485 17228 43419 23691 21959 35224 39161 15454 44113 18515 14247 23954
   877 10666 40479 12851 27391 48712 28603 12771 45254 38073 14828 38297
 18524 11940 23154 27976 17591 49473  4190  3595 11554 48889 47232  6506
 38835 23369 24337 34382  1427 15241 49023 22190 18028 15277 48766   620
  4533 29406 38936 28278 32567 42014 41169 23220 30007 43467 20776  1722
 39381 31153   295 21430  6352 37409 49959  6099 10890  5599 33733  8521
  2573  2961  1618   949 29117 15792 19514 41695 19274 14376 36737 42815
 24803  8016 41291 32961  2634 38957 38585 43374  8648 19818  7782 21283
 34859 36938 20814 37667 18656 15468  5124 49458 15676 28745 21608  4357
 29512 35486   907 24272 29971 45320  6451 50918 42340 42557 16185 11287
 41704 25565 36672 26315 43932 29688 40286 11514 38445 50760 10182 49759
  9657 39691 22576  5861 19281 47839 19808  2763 28037 17474 32867 45745
  1767 18945 28350 18035 35370 40253 23672 23110 35995  6818 31989 31422
 13929 18692 31002 47364 32554 23036 28854 33877 16259 51870 19540 47258
 34895 11967 14250 10835 30766 11333  8566 27951 52094 10873 35236 39717
 47656 23895 29754 13686 28441 13382 10499 40660 22116  8941 22142 46305
 50036  3574  4899 44626  2707 19210 37650 29440 14453  1505 49453 16322
 17520 39762 15949   745  7816  1284 29999  3851 47699 33631 14909 10914
 12449 33439 14667 13148  4595 26565 30752 18751 32881 14318 49145 51930
 50411 10701 41518  5711 20189  4281 23857 51282 40494 47971 44014 28426
 22269 27004 41173 15165 51458 26692 47026 41107 30064  8961 46914 36528
 16988 23748 25300  8636 28158 51073 16514 28326 47253 34918 24080 20656
 27799 11015 34968 49087 47934  4632 41990 16477 31425  1051  6835  2237
   357 18330 28688 50348  1916  3589 30451 23713 13046 17909 26877  5527
 39208 17012 48077 47553 24219 37010 43569 30257 25320  1513 13320 14982
 11659 31274 18719 42323 25836   282 20417 19872 12484 30143 50137 13570
 22193 17979 43785 14513 24852 10917 30922 18223 42072 44092 29774 28915
 24270  3535 22631 39512 49685 12165 47247 11755 48221 30595 44647 29617
 51595 46940  4693 28285  3813 19561 51266   934  3569 25667 38639 48352
 50262  1856  2165 50189 13580 14056 40722 39774 27635 29246 35850 20022
 10243 34678 16829 44947  6688 20489 10875 30013 15775 16703 34564 36109
 41924 18504 37860 17290 24866 40284 38908 33327 11545 44407 39911 15380
 34791 10669 24215 37456  3963 35363 40074 12891 26335 15886  1868 45746
 43911 32664 37191 35976 37239  9206 42155 50523   269 26730 40388    79
 28606  8649 33683 37412 44206 37519 23606 47782  3289 18106 42468  1939
 45871 37862  4855 51760  7155 42773 36555 41947 47554 16811 32616 24976
  6171 25374 16978 12973 14371 47548 16180 43595  8810 17416 44939 10605
 16230 28307 34585 33261 45808 32669  1830  5576 28770 17433  6917 24651
 14580 22813 26828  9171    88 30563 51344 36805 12525 10926 11577 21874
 27664 36580  1104 20409 32214 42028 27758 35820  1970  4513 50959 16036
 49953 17831 21527  8047 38823 17431 20197 15522 13824 37931 21546 32263
 14778 39343 33926 38017 29033 33825 28143 20145 47195 18005 25827 20163
 37175 23430  8545  5686  3514 40898  1055 51645 43395 46717 19191  3249
 39372 43513 14454 50107 31711 26079 36544 49022 41380  5529 48808 26792
 22700 20534 28765 19801 39872 51834 44553 12862 35426   698 50995 40049
 16152 12804 11172 16414 28984 39205 36456 28799 14307 29245 39603 39679
 35835 29277 46209 11255 48711 34002 49492 28510 17511  4144 33776 13540
 10307 27016 20876 39308 15329 26978 23663 33047 35297 32366 17085 32265
 47147 10772  2746 33016 48760 45230 18334 31071 24046  8432 31397  1308
  6872 20785 18682 35821 26134 11019 18752  7718 39045 14049 25020 50380
 31455 28592  3240  1189] 被查询，新的准确率: 0.95
样本 [29768  9449 36083 30370 16228 27917  8000 40664 44542 35323 12825 36524
 48909 34096 26108  3465 13215 12041 46423 47197 14694  3195 30924 50944
   926 23478 14709 26607   257 46645 43462 16660  3284 51079 17839 37120
 40218 43123  2789 19302 20540  7108 39016  5170 44844  6059 26701 12574
 40080  9271 34319  1576  9122 28063 34900 38205 35688  1563 25881  3789
 13096 12870 43122 27414  2012 47699 24822 49249 44729 10368 14942 18704
 22349 15550 37418 12140 16747 14219 47316 45290  7730 49797 48460 49204
 10842 13768  8156  4599  4870  8877 21279 30290 50340 35144 43102  2099
 32592 30004  7748  9383  4634  1734  1628 47639 46692 35248 50747  6358
 29274 14366 15645 33294 44266 37679 31349   767 29982 19369  8365 49322
 49757 33129 48222 45656  5550  2932 11645 32103 46098 20588 40729   287
  9700 38809  5425 20845 39688 19342 24652 50850  1570 49358 17202 50719
 29256 42688 28771   976 49456  1203   984 31104 49001 41287 36623  8204
 24801  9891 49045 19367  4242 16009  6667 39922  1426 11145 14522 12025
  9862 50698 17305 11610 38256  1558 10130 40344 21556 15387 21867 40726
 25493 43258  2936 38442 47458 10412 46624  4884 46617 18304 48143 48285
  3981 43222 12887 22206 10120  6510 26377 21028 45848 32734 23774 13336
 39210 37266 18762 43091 50202 16437 35011 31591 51111 33911 39888 26716
 20134  4751  3003 12451 18010 19238 43393  1262 43945 36962 10367  2402
 10616 13256  3545 22964 11528 12032 18899 22201 22052 47992 14992 50689
 19672 37217 45617 20675 38467  1124 44083 19952 28075 18124 40402   380
 29486 20803  1941  6020   247 23297 42467 46001 39627 27221 50527  9294
  7603 30517 33359 37621 21725 43834 11637  3116 27828 29756  7358 40452
 25281 38236 28718 35078  8470 41663 48485 15106 34908 35984 25929 14723
  8571 19881 46416 26279  3558  1141  6690 14103  1776 44441 15056 38468
 21926 17501 41067 11943 20460 34283 15478 46758 11203 13695 23810  3713
 37945 30196 37607 38106 49561 13989 27793 21923   154 14160 12842 24527
 39624 35621  8632 50729 23972 26168 18808 45728 10216 17453 43420 20777
 40321  4603 16224 17572 35592 47013 26151 17740 27160 49196  6043 25346
  8417 41684 26237 41763 40290 11370  7794 48683 25307  2971  3379 46091
    37 43495  3201 17752 35093 22247 24762  1201 36945  4903 15840 42181
 29257 47678  5685 32179 26558 15790 36869 42297 44645 17663 46746  9201
 23252  7347  1106 13642  5382 49978 31269 14133 46533 23091 22622 30064
  6318 37804  7788 46542 45024 20742 10124 37152 14824 34914  7172 15042
 19117  9376 17281 39659 50154 33844 40016  5501 45779 33243 41303  1383
 26841 50803 32088  7556 19214  9239 32104 39570  1028 42587 44187  7678
 33491  8964 33811  9035 28479 10573 43581 24355 28780 41092 12585 43610
 36813 16540  1910  8891 16405 42075 43583 26972 12262 38876 47040 50954
 26604 40853 35127 33865  4055 41642 40070 18581 41835 18522 12003 40221
 13563 38186  9337  2728 31654 10090 22646 26955  1013 48533  9409  4255
 29784 23801 23613 16441 22100  5615 29774 42656 42274  9163 19825 22415
  4887 31805  3438 17960 33200 20621  4005  1671 27482 41674 11767 12071
 37035 13559  4416 14474 18461 50898 37522  5444 10599 15885 20041 36919
 35406  7576 48016  7081  5594 20547 13487 38575 45076 46496 13263 45255
 43325  6071 31737 41267 38209 22294 29016 33761 41329 30292 22297 41725
  9310  6209 46111 17059 19312 30532 18731 21389 48375 44579 24943 44225
 33208 30243  2242 32245 30382 41939 16024 28134  2856 44028 19403 48121
 22696 28962 43149 33908 13780 20250 17742 41497  2002 18728 38988 17970
 38530  5184 46848  9563 17620 25697  5118   433  6500 34668 48074 48889
 13706 29468 40385 36536 49739 22663 27049 30401 40818 16669 33935 32117
  9974 12234  9347 47307 26927  4086 23897 47489 27286  9457 25648 29260
 17795 35268  9157 22030  8433 17468 34084 24547  8670 26134 36899 14082
 36509  5717 21503 48749 47542 24145 21599 20662  4076 13135 14356 25633
 19833 50809 38234 47176 35456 21334  4761 44284 13640 50674 16872 43199
 40457 48241  5244 30181 31023 46711  6992 30024 39117 26481 34487 50348
 14618 14414 45522 10329 15853 50213 31960 15363   715 49199 24593 39319
 42031 20978 42315  8141 27844  6469   769 44152 23003 44785 14209 42487
 14956 13687 45972 35786 13927 42966 28951 13579 27943 50958 42953  7676
 49187  5361 31328  7101 39873 28579 35376 36722 22628 30291 35482 37473
 44848 25366 13143 36948 29263 39190 14470 19893  2413 44934 12608  8224
 31075 45111 41505 43144 33474 11164 30610 48318 50540 17930  1253 17711
 39813 27273 10903 48304 41606  5205 19109  6681 44550 11969 42052 35291
 39513 43480 41435 28135 31283  3202 16083 27069 37335 20109 18933 30615
 25797 20776 12723 26881 14842  6119 40551 27315 16504 34712 50695 42079
 29701 33219 25842 20785  4932 17144 21717 42208 19948  1995 46742 22363
 11863 39995  1120 26211  7936 11878 25376 25981  1907 21417 15643  8686
  4468  5913 40797 17311 47393 22915 14516 32064 27107  8843 39266 44376
 39461  3048 47590 20179 47517 29856 20500 16331 46886 10411 25847 49168
  3605  9275  2280 36631 40702 15027 33195 11258  3047 21689  9895 50796
 49625  1399  5646 12057 14826 41656 49773  6499 30138 45989 33651   985
 28309 50047 10078 15305 13532   751  2417 23251 27816 25456 46348 31479
  5989 26820 44909 46680  4167 12662 36590 32830 10043 30717 30954 27256
 12679 44572 40168 37328 29146 32167 33947 31572 31047  3083 35147 35208
  3376  9507 44399 45201 43824  5551 25014 19939 11650 23534 38874 15020
  4135 13452 19606 19852 25777 17086  7870 27581  9656   430 15323 26125
 46446 21721  3310 23794  2724  2366  9983  1535 17132  2610 11317 35983
 37939  1164   723 49043     1 26263 27004 38122  3225 18703 50387 32429
 40577 40618 42805 12259  8217 39749 26102 15951 31386 34548 11229   407
 12134 27349 34879 49083 48001 33122 16744 31790 12605 40948 29387 46707
  1132 49437 14806  3821  5576 15577  3556 35311  6993 30581 22029 38090
 24834 35736  5801 34809 40950  5713 49804  3472 39129 37977 46497 40513
  3506  4117 48517  7888 12556 22399 28903 45457  1026  7431] 被查询，新的准确率: 0.97
样本 [30464 11408 42163 46055 31332  1777 23671 36575 24251 44809  8944 19130
 47753 48299  3507 38878 47198 42397 16567 23186 25986 11720 32568 23296
 26227 16956  2579 12177  8711  5662 32872 35658 29440 30071 30787 47967
 34549 16425 14586 10039 40769 29297 16497  7484 34318    16 37143  4164
 40223 17810 10422 40622 36131 16903 18442 41346 29388 16382 40648 19012
 26130 20416 12079 28688 10955 17480 22953   635  7249  3530 11299 27114
 47203 13341 21545 29065 37319 47567 35862 31651 11652 17436 18853 20814
  4869 36763 22504  3995 27637 49446  2769  3773 22187 48564 25961 10606
 37876   811 46645 34377 30781 16869  2067 47637 24652  2294 38168 47778
 32007  8947  7836 14387  7754 14273  3079   365 49234 13101  2736 43599
 46438  1788 10312 46198 23210 49526 13161 28955 28574 46933 36588 22765
 40119  5177 22503 46690  8230 43901 37878  3036 20677 35449 49810 11042
 15137 23113  7094 14702 47883 43173  1753 13730 32107  3672 10264 13597
  6817 40120 45647 12301  9779 17797 15446 32045 14036  6516  5577  7731
 27133 47938 23129 23981 27724 37071  4650 25924 44930 24317 43059 38419
 46210  2074  2633  7548  2711 23752 23867 26044 22019 17909 34238 44532
 20471 38302 22810 38504 26873 22875 43400  2844 46312 24819 33177  8457
  7661 28268 23907 22863 40617 47631 44347 38147  2126 36790 45217 44765
  9650 46793 26821 40870 10238 45835 23297 16774   912 21833 49782 47843
  2551 13134 38820  5345 42773 33565 45042 22323 19837 20560 10360 24993
 35832   211 13965 30622 28402 47682  3143 49984 36260 28197 17766  7652
 35023 44427 33349 29007 32389 27506 39611 38992 31825  1270 15658 12612
 42744 12823  5999 34487 35313 10614  4987 17651 21131  1038 46808 12742
 17358 15207  2957 43153 25868 44277 36990 27742 15393 46015 11298 43861
 45240 13350 11712 46640 33262 35730     7 34048 19662 13999 24263 45418
 18833 42775 21810 10044 30407 49883 47256 36980 27654 35119 48708 41566
 49427 36963 19680 13054 42831 28994 29557  5825  6819 41052 46776 29188
 46381 44946  9920 40539 18085  2991 31391 43716  2629 40150 11917 46292
  3792 32874  7364 10671 43881 31068 16361 10429 38352 47998 12399 14707
 42282 35679 18778 50056 43329 22692 37219 13120 17839  8652 40184  3695
 10777 44660 28940 26532  9582  6017 20913  8210 23753 21301 11311  6157
 33024 17682  6657 14107 38765 30703 11227 18027 49992 21501 21599 21324
   512 12582 15056 43455 17606    59  2584 30525  1968  3719  9341  6934
 36203  3797 16507 32197 40944 48223  6464 37230 36080 47650  8476 22482
 39814 32734 15767 17591 36579  8428  5912 12072 26911  9853 29992 46923
 16148  2381   358 43936 35457 24408 44348 24904 35085 22782 48781 34219
 24122   214 17053 47673  6131 48314 17301 45488 14471 13433  7924 29568
 34402  2980  5846 22231  7166  4328 11726 34513   353 13314 42053 34738
 45452  8107  2573 35400 23276 26894 27367 31405 13846  1541 30144 34047
 38841 11140 37131 32056  3274 23287  3611 15608 40464 42685 36935 23928
 35994 45315 35927 19395 13452 22858 25914 35871 12888 18882 20094 30945
  1572 35371  5556 15416 36335 27597   313 45889 18642 37121 22723 31001
 24184  5174  4060 16092 27817 41299 23032 35342 24411 22855  9342 39303
 18534 25322  3323 31653 40181 10045 40688 13973 44922 17850  7908 21920
  1659 15682 29629 23887 24757    46 48233 36306 10125 32384   433 38632
 33892 21674 10472 37629 46366 14696 33541 45114  2382 44048 42811 17503
 31003 41375 28216 29612 23623 10321  1448 19185 28523 23496 38251 37067
 23074 26017 11827 23486 23602 22142 27920 44257 14616 45292 44439   487
 18283 14404  9633 17729 21601 47131  9830 31174 48882   240  9613  8135
 12314 17310 38716 11559 18940 30044  9005 30489 32978 45392 19745 38724
 28144 44794 49682 10002 28804 25157 26578 30621  9699 25823 15273  6125
 19564 30967 15366 29565 10113 24785 34248 28226 32645 37969 14347 29272
 43915 36483 36861 13406 23774 42792 24416 17555  6183 45063 41374 39576
 23244 33288 16483 46942 49423 35233 18871 18660 45618 19255 14454 12214
  2658 40861 26510  7163  3350 38281 40729 24557 16452 33677 14862 45616
 23849 45482 29471 14921 20725 43885 30880  5504 11788 47058 35984 26670
 15165 36954 40518 18023   101  4034 17474 10816 16811 18430 38490 48236
 22771 27252 20488  8595 32528 48154 42411  7320  4176 29729 40468 29289
 27184 11240 15123 25987 17047 46287 41332 13188 38089 43645 45838  5950
 44923 25022  9510 43608 17380 46250 17665 34591 12756  8984 44723  6042
 11229 12915 41981 44573 19985 11000 38897 44187 40933  3620 49372  6224
 18590 23092 12402  1771 10366 35798 12368 11273 41995  2689  3803 21153
 38086 14083  2302 20203  8171 33166 43308 50085 48922 13202 32440 23225
 20901 21156  6034 14137 43322 26477 18845 17557 10261 45781 29553 24193
 12186 49722  9482 19307 27645 35224  5682 13700 20820 45215 48880 45353
 41159 14668 47965 44694 22720 43659 19608 10094 42912 44136 10148 14582
 35125 38467 10673 46623 37579 23122 24264 16477 43988 47301 11930 49254
 28960 34388 26936 43602 35966 24070 13640  4740 15484 23756  6894 18903
 40460  9885 22030 24507 43685 26734  3765 36410 46962 14150 15917 31920
  7887  7051 48083 38224 32511 37254 21366 15659 27327 20089 42192 47260
 38050 37987 16399 38816  5439  5579 32614 17988 27902 42333 49339  4314
 15099 15514 45152 37520 39439 36607 21672 12417 49097  5958 12485  4017
 41641  3360  4871 22217 12829 20626  3141  6715 25929 37194 32960 30750
 13566 49232 26723 26361 32641 18298 24252 29515 16402 49643 38953 28510
 32557  6964 20511 19789 11410 25578 27353 31989 17496 18244 18550 13207
 15065 37138    36  4709 35858 49700  7021 18200 28318  4005   941 12792
 28395 17081 38300   112 15948 47076 38938 48376  5621  2943 26231 11676
 12986 34094 10585 22220 27974 11943  7669  9275 48705 21903 18924 31711
  8245 19815  6030 37425 47581 32254 37542 13042  2938   473 38454 26972
 31921 19104  8349 21933 26380 42885 23239 18387  5073  8438 23941 49402
 35796  9851 45712 16478 21728 23471 15958 12350 36925 10016 45032 36594
 19382 35988 29494  9809 27211   569 14578  7619 44238 40951 17052 22343
 11553  8924 25797 43349 43536] 被查询，新的准确率: 0.97
样本 [40795 11036 31078 10261 14080 21421 23060 37582 33066 38295  7824 43548
 28925 41940 13704  8195  9010 34257 30032 12625 44939 43104 17305 10229
 48041 17047 47716 28503  3611 33287 44701 22506 39441 13970 18760 25958
  9683 39215 40607   634  1051  2415 45046 46505  3716 47923 25240 28358
  7119 19001  2060 20199 28838 10914 45030 31461 22831  4864 15367 35549
 31494 28242  3191 48312 34260 37463 23819 45238 29962  8804  5955 33035
   260 12893 21666 29825  8124 44203 48750 26958 11877 36900 12948 44582
 12774 20342  3385 17661 26004 15908 32739 19489 21288 11917 33742 24302
 41430 48590 40341  9823 29453  3640 27107 12199  3713 19606 42354 13614
 14884 23943 47848 35303 35433 17481 10974 14246 14138 48584 45490 38856
  4634 28718 46338 28468 25021  6592  9854 29284  5349  3680 12315 44332
 33515 44142 16518 40443 35211  9039 34948 21357  9012   808 23502 36888
 27955 33645 32414  8555  7342 43402 16102  5028 32306 32180  7460 27117
  3142 37650 11253 42850 46263 45614 47653 47762 23736  4843 41542  9229
 31962 47504 26646  5116 12921  6331 35887 43364 32748  7280 21895 10508
 39589  2281  8925 46090 13603 28135 27988 39069 20272 23474  1265 29126
 47903 12095  2700 31843 17646 48479 16842 25747 33887  3833 30100 32836
 28362 21842 33245 36256 20783 45722 30380 14241 24121 14455 33323 31836
 30391 40493 37031 17618 48392 36539 38797  8866 40832 32831 29533  8115
 33204 33638 11111 48862 40243  6349 11607 35170 22432 24217 13459 27175
 21477 35494 10115 38175 28742 31795 22015  2712  1424  4100 19186 13481
 37601  6844 28794 30167 34003  4790 18477   913 43403 44474  9546 32979
 37773 23575  5666 16928  1929  4287 22852 35678 25628  1794 40319  3976
 36123 40851 32630  4973  4443  9473 30679 39192 39237 25206 43846 39155
 46999   160 18802 32346  5311 12525 20609 22200 21038 45844  7427  2332
 23924 10801 27091 47680 33978  3075 41652 35859 12038 30631 41722 12494
 43487 22460 41151 39509 25699 29199 24318  7324  6578 41782  5464 25121
 42318 37667 34455 37738 32779  2686 31057 30573 43872 14875 33174 17408
 17519 25193 15126 10616 41308 42209 34131 48723 35150 13633 36917 13247
  1374 39779 25579 46151 23735 18533 48437 30416 33662 15691 44790 47288
  7766 26724 43410 35311  6266  9075   736 39971 20232 16350 34005 24521
 45251 36836 41436 36760 48066 34269 14300 41167 35705 32178 15788 10564
 22766 12164  8734 39105 39650 16879 12820  8343 21728 29522   692 46898
 16784 45955 40263  5415  8335 14240  7258 11105 26248 27222   336 15715
 18651 38785  8576 41685 16252 33755  5485 37313 10659 27508 30219 40308
 43720 25867  6982 16389 13515 30677 14094 16085 16166 26164  8420 10150
 21459 38177 45881 21568 34359  3740 12030 40520 12442 26143  2879 15401
 14412 17394 22505 16828 32331  2487 18459 23567 31112 35991 14748 23619
 48158 15545 40641 17862 12588  9035 40438 17901 17171 15316 19686 17635
 36813 37535 43757 34289 44397 24309 45174  8844 17312 24410 11593 48898
 21216  7369 31746 24471 33255 48476 10733  7793 31712 37335 42083  7055
 46682 18829 23066 28765  7713 30040 48756  7616 17251 10749 16329 43954
 12506 45827 37432 23665 14322  9664 17962  8003 11691 28089  7428 45193
  4246 29061  1076 48106 29142 27498 29923 40417  1951 44084 45677 48649
 17360 27576 45240 44385 38355 16732 26014 46454 14437 22724 39752 24080
 48789 13109 13532 20782 29402 24748 29499 41995    62 41042 13931 40127
 32369 16719 24378 45472 42265 27162 13487 32042 45261 23718 28887 30611
 44019 38231 44568 44274 38352 41632 46108 35818  5347 13399 47021 40424
 33452  4740  1514 35381 28437 47414 40299 26593 30177 43574 26756 14006
 44041  1603 20859  8032 39249 15028 45968 37614 15487 27593 25288 44966
 10539 42131 28245 27864  4266 42931 34699 12690 16141 42778  8409  3919
  6337 34062 11136 48562 13991 36815 33033 37169 35143 28320  8309 35328
 41350 33816 32832 26314 37404 48569 40096 14577  6140 25933 11334  5715
 13098 33955 47575 15449  9372 44739 15937  7232  7045 37425  9623  3146
 32743 34662 14702 30456 15338 24556 36533  7902 11586 15762 15194 47906
  9136 32849  9121  8802 36287 46543 44767  7731 23155 35966 11930  3098
 16414 13116  7102 26139  8314 41851 21342  2498 33737  9299 25947 42722
 31530 11556 11341  6459 22857 18515 34710 14974 38615 36939 26367  7667
 15186  4318 44072 38993 39305 29160  1120 25650 44782 25096  7775 46223
  8891 47769 46427   390  4313 26518  2468  4017 11255 19251 36094 16210
 33362 40435 18475 18116 12886 43157 22788 35692 28026 48257  2624 39652
 28664 37850 11928 48915 29461 44590 18729 18645 11788 30390 29999 23331
  5772 38614 35529 24835  8375 18982 39226 14314 46941 17648 23495 41854
 24859 12089 23585 17721 20362 23245 42552 28219 45840 40998 42471 15456
  3677 43081  3735 31209   258 31759 22192 36028 25219 34925 10003 46821
 34673  6737  4912 38106 32093 35651 14687  5807 39296 21314 27506 13397
  3562 28116 29189 42229 27577 33459 35181 26728 46743 24443  4521 34764
  9184 47726 29587 21206 19738 47366 31899 10494 48616  4715 37009 38438
 27231 38974 20802 11342  3830 43981 15167 18158  7170 36703 45726  4683
  2613  3694 30761 31613   439 38278  7106   711 20116 19011 11068 41223
 14814 22403 45934   728 24522   592 46993 29456  4507 20554  7876 45895
 16070  3499  1333 32095 24180 24118 17353 24380 41159 44840 46827  8513
 46389  3291 37841 44679 42054 21085 10228  5976 19069  9045 11262  9351
 10366 20716 15255  5452 16765  3208  7730 16219 33256  8754  9888 10362
 23535 41311  2751 46147 48631  6120 47976 11320 47954 19598 21110 31724
 34612 13772 32905  3674 46618 24978 32956 29442 29797  1484 43490 14819
  5552 17080 12475 39166 33995  4968 35025 44234  4197 30662 18754  5831
 45061 40617 12667 38798 39924 25448 37692 17380 16415 10266  6874 17744
 20061 37353 20892 26663 28732   822  6460 30057  4932 20608 34077 20240
 21081 32400 29854 25371 12533  9978  5796 21985 44089 47584 48055 25910
 19305 29162 25726 26950 44788 21117 36281 46678  4128 42477 27866 27638
 17034  8232 12963  8529 42076 10482 48945  5065  3867  2069 35902  1584
 32415 48435 44795 44391 20473 13841 36603 19103 28864] 被查询，新的准确率: 0.98
样本 [36824  9009  7314 35661 30764 41215 37439 23827 33323 19479 26116 19610
  4636 26989 27688 15102 46035 37486 25649  8011 32955 15699 40454  4420
 20825  3596 46027 45457 13297 44948 28387 11753 26373 11950 42323 27565
 19114   988 12412 23576 44520 22186 33242  8875 21374 45943  1354 25201
 40356 15547 45609 36909  1440 32450  8834  1312 19751  8949 16832 28793
 32101 46575 34387 28403 28106  6506 34777 29798  3838 16737 23275 27122
 37469 28192  9287 27392 12084  4206 23077 10935 20237 32293 44770  4623
 14673 19921 31246 31004 22889 33662 17289 45817 30838 29342  8231 41212
 29748  9139 36446 27756 44790  6709 24192  8443 18306 11955 29192 15010
 43044 23187 14141 37933  3364 41203  9753  5751 44102 41622 44095  3174
 46034  8913 38952  2028 44847 24536 20799  7317  3555  7860 25417  9822
  4741 40205 37693   408 46465  3923  4084  1413 18731 14998  7097 41541
  9912 43702  2048 36104  6380 43337  3946 37080 35410 28199 13230 25412
 47702 23016 40606 43757 17948 31506 12505 18839  3580 14828 38214  8901
 11580   389 26333 11770 18319 18270 31082 34005 45065 10421  5881 20735
 22534  6884  2054 26541 22836  3144 32717  1431  9865 30770 20004  4041
 45046 20960 28364 47759 27856 23832 22199 39876 17698 45116 28298 17356
 35490 37921 12601  7619 47362 12213 38604 41971 31743   935 44721 41746
  3074 22283   913 48159 30307 39033  1180 27058 17176  7476 20861   673
 21310 46824 25879 16163  8204 29004  8222 30636 45741  7749 40665 32939
 13396 36894 35139 16883 33731  1635  5098 12469 26242  6043 47711  6284
 17124  4375 21773  9936 34611  1552 41699 33092 18626  2193 16892 33929
 38037  3547 25115 18699 22709 23200 42825 14657 34875  1988 37236  6099
 32552 24448 37137 18847 32642  4450 27597 45939 29953 32339 24279 18747
  4203 25378 29897 21252  8493 24489 45788 28211 14660 43841  3203 28022
  4066 40508 38883 17155 28603 26258 44943 17834 46281  8347  2355 12564
 29814 36431 21896   431 35509 33444  8226 40522 26532 16136 13639 24679
  5252  9622 21713 12598 36116 17030 28218 14287 45908 20325 24127 37392
 23325   871 10190 32938 12388 39474 39107 42829 11731 12767 27464 12775
  1528 18772 25870 41608 36086 18620 24709 15937 47483 35089  5911 43295
 21091  4100 47984  5110 27957 44398 43592  5035 38765 11375 17036 30756
 10550 41146 39166 19830  4071 41037 43672 26828 29805 21401 20869  2816
 33393 21105 23366 30389 35857 26615 29198 22109 14247 34547 20251 28406
 42962  4563  1982 16878 27575 26414 43184 16457 24183 30115 10568 39247
  4949 30761 19838 46794 42274 33586 42276 23554 43264 39709 37881 33395
 38710 27697 14139 17079  6650 14884 29710 31958 11196 23906  5871 37088
 26985 38267 41131  8830 32010 34059  2403 26044 37930  2782 11112 43376
 39376 23285 11871  2918 35635 14720 39868 43259  6736  1263 29302 33109
 32049 47703  3530 42729 18077 29102 18248 33498  2529 33178 37958 33686
 40442 40614 33858 27047  4239 38566 42422 23396 29531  2912  7845 33730
 15873 43145 28484 29410 22441 34490  3704  7217 26588 45809  7458 21906
  6413 17141 40296 41815 29388 25079 44062 15651 29313 18433  2778 34389
  3815 40528 40068  2677 16682 25666 47488  1009   581 29548 19595 29009
 20123 38494 30176 34763 24433 39698 13158 10251 21022  7030 27007 11319
 41925 16613 12544  8202 38448  2154 43612  2654   509 18804  1099 23453
 23361 35745 21083 29049 33046 14160 30563 20051 21733 22954 11332 23514
 26243 40962 17813 33522  5813 13322 24765 41371 29484   464  5784  2914
 27101 38275 42537 16932 11192  2578  5713 21946 23171 16987 13976 17833
 28358 25133 15173 35723 43067 30150 42551 28454 32569 44169 40726  1515
 22070 22253 10223 29358 14467  9607  9077  7717 24051 28338 29802 21984
 33363  1061 23034  6988 19815 38957  2412 45017 36743  8689 42439 30891
 26484 27625 40656 10893 13562 25354 38401  9989 20615 39195 48019 43662
 46784 12264 33248  6100  3541 40628 24245 43012 13394 42974 19560 43322
  3359 18095 39163 16291 17720  5118 44840 24684 41042 22412 20831 12550
 29716 12950 21778  3117 17131 18538 45510  5732 25266 38791 11312 35065
 34028 21386 18009  6488  4368  3123 27877 22794 14687  7877 18159 40877
  5887 22374 39281 46278 33658  1753 36199 31373  6517 16438 37907 42501
 11534  8454 40423  1118 12670 11082  1904 38864  4963 38385 38073 38876
 29572 36634 30843 22628  3721 11403 26622 26997 34046 26268 23973 23807
 25401 39806 34133 19251  2006 38656 19405 41478 14107 36356 32574 44283
   664 44478 33223 24691 20676 24855 14158 45773 41316 40602 11215  6845
 46030 14206 37807 41882 12566 12756 43334 19640 18860  6178  3622  9302
 44159 26552 13273  3525 12285 40911 47765 46060  3871 29071 39920  6177
  6587 21023 38884 20723 13444 14165 21289  9628 20376 40369 28113  6620
 40905 47727 14277 37347 23657  7149 36929  7398 40557 25090  8395 38407
 11432  9431 35583 46512 25297 23035 21439 42640 34297 21448 22798 23556
 37543 43071 36640   598 16414 15242  9360 22796 26979 39827 15995 42265
 31253 46067 23786  4716 21884 46596 29669 32287 30597  3659 43117 35237
 37626 26032 26784 44707 25169 40609   859 31904 40395   359 28546 22656
 35820 16210  8813 30381 27028 13207 37058 33953 19411 43974  2627 39153
 30937 14431 24611 12440 30719  4681  9686 14919 41416  6834 31279 33604
 38602 18408 29863 41810 42107 32849 47432 34182 13098 47285 21416 24010
  9779 20343  4118 18601  8458 15609 20224 17260 45719 14161 22347  2453
 45133 17447  1188  6516 28642 17915  8394 32550  3930 37512 45284 23623
 39061 36589 47613 31074  7620 14151   244 40715 41923 45595 28660 32299
 31695 42101 16201 36096 43050  4008 19981  2392   848 24124  7997 24541
 37470  2219  7954  5614 12667  7012 35854 23993 12476  7623  4513 37892
 30270 39606 12294 39126 10899 43951  2308 25825 46790 36123  8593 20205
 17169 10909  6819 33274  8148 38333 33037 11861 23634  8123 14736 47799
 25088 25404 19415 35641 44678 19765 45938 35403 33447 39380  2535 20031
  8578 34308  1295 36730 11679 25007  1072  2967 46276  2727 24805  2378
  3905 21838 35405 22181 42858 45185 40631 13580 11302  9872 28697 12491
 46189 25235 21825 42281 46375   928 29995] 被查询，新的准确率: 0.98
样本 [26916 28388 31540 45287 34689 21688 13105  7159 19516 21543 20223 26519
 15695 16253  3522 19789 17117 14226 41137 43807 23542 32264  2970 46302
 40747 23676  5549 15663 19021  3555 18847 41772 42433 36954 21435 28634
 23147 24671 42973 35287 31336 24220 37541 25971  5185  9092 11010 27900
 40501 25910 31798 32963 40990 30581  9250 25894 27747 32773  6277 26866
 32671 20158 16653   760 16649 17921 15962 45100 14333 12619 31988  9848
 43403 18033 31384 36427  9624  5421 19544 16896 16969  3334 45142 34179
    19 19063 46178 22554 28174 40353 16730   754 39722 24762 24332 30977
 28725 33758 37059 10468 13752  8113  6879 17422 18001 25259 45457 44098
  9590 35676 12578 32042 11353 47139  7818 25069 42857 36998  4668 30028
 40806 30157 22799   638 38114 28573 23074 25421 29280 25337  1455 20333
 27521  4673  9919 12382 13044  6843 38742  6433 14291 20954 41397  6208
 32521 18968 13363 38535  3880 14441 10452 25519 14988 44255 37629   461
 32311  7607 30331  1663 46916  2544 13273 37601  2273 45723 14886  3158
  9330 34226 46958  5994  8006 12663  3451 39792 12439 42034 16821 31168
 14924 21667  4244 27761 30888  6195 36186 32444 14484 26888  6590 24472
 42586 34170 21672  5620 20621  2299 15173 32947 27120 44402  9761  2659
 15778  1695 35056 31723 37164 20315 22913 43929 44725 13206 46763  9562
 24663 25435 16543  3867 14784 20263  1453  9665 28197 27225  9388  3409
 14782 31275 33335 29029 26174 47146 38693 24853 13906 44254  2823 32267
 21227  1972 45973 30188 20851 20222 38561 33923 43458 21559 17874  6231
 17539 10575 11132 28755  8573 46977  5548 17248 46792 37575   302  3056
 24398 47089 28754 24563 33316 30356 29191 30333 41580 39677 12323 42773
 15704 12394  4796  5563 37257 41759  5096  2945 26755  2781 10493 14619
 34206  6354  1740  3888   117 44715 15476 10386 37676 41643 30004 13220
 20372  6855 30289 40603 17739 21450 10104 32434 33148 11894 28606 17615
  8713 17174 26708 18483 45262 35990 19278  3745 14465 12335 27714 12875
  5996 41774  3093 19737 33751  9340 35004 31815   383 37067 15774  6021
 31558  4343 31719 35203 36141 19755 14935  5887  5901 10467 39564 38282
 43153 13068 25612 25769 38445 26997 21502 33089 10547  4035 23184 29246
  4598  2114 34933 19864 11758  9290 41607 30149 38800 10611 36680 12479
  6205 21248  3747  4655 24569 37465 16547  4282 24904  5570 30601 24461
 15420 11513 21030 24570 42912 45930 10736  9564  4123 42725 12282 36776
  1629 46173 12978 28799 15751 10416 43329  7168 26449 37017 23564  8023
 44107  7579 27001 24498 11246 35059 31983 46180  2075 11049 14582 27689
 13208 39896  2515 36599 25318  9594 32435  4155  2435  4672 45120 43959
 42784 12862 23877 30246 32291 28469 31301  7176 31183 17474 13833 16042
 39462 41612 20826 40999   984 30673 23750 40688 44239 16361  3376 12009
 36635  4561  8069 11783  2059 18073 18666 35587  9792  3943 16494 27326
  7393  4281 24067 13798 11237  1989 20080 14556 19619 16490 27281  8279
 16939 32330 29494 15351  2095 38503 34321 37345  7327  6703 30114  6788
  4257  8742 46256 42520 42827 44438  8133 27696  9964  6960 34089 43618
 35482 45972 37488 11772  2033 20986 22683  5067 19560 37712 17375 21238
  2778 37073 44209  1681 13209 17037 37356 42362 24041   905 45632 19761
  5146 27787 35779 13403 11824 13884  5051 25476  3712 36589 27622 33616
 28775  1884 11852   185 24082  5767 45757 15465 46554 27055 45195 13246
 36923 21873 36916  9875 12379 16096  4653 18679 29132 41479 46953   775
 29264 29414 44192 46188 31645 33668 11915 11130 46415 27634 35409 11174
 24960 36468 15927 19531 22077 11650 42287 20473  4044 32411 38226 21892
 42286 12979  8325 15145 13503 34385 13854 18085 14858 15976  7199 14702
 44210 41051 37820  3949 21066 28017 31203 12288 42471 20542  2868 39162
 16431  1553 36090  8159 32880 36580 27140 17841 16922 44125  4311  1879
 32800 14685  4581 15628 16887 42071 20997 29735 13889 20998 14559 14722
 43199 33183 26223 34154 44595 25957 15268 11181 34517 22161 14877 25602
 42115 21229 32917 36888 25010 32196 14325  4276 33405  4309 39158 19657
 29676 20074 15950 12724 15238 35017 27468 13853  7316 34442  3159 24975
 17269 47048 30232  8649 39203  1565 41515 12454 33637 22500 32237   908
 14068 25696 29513 41227 40944 31776 44083 33218 10817 45041 37698 35139
 12461  6332  9873 12930 24156  2655 28264 13533 41348  7809 24435 21775
 20488 22849 33253 44600  7920 25810 21663 11421 16550 16693 16257  4167
 37098  7590 37183 14130 24253  8566 14884 16244 28315 31614 30993 44471
 31583  2756 27778  9155  1878 15166  5670 39612 13276 21855 25872 30637
  1442 32996 14449 36624 18108 14318 18234 34469 26683 18680 42895 19226
 15512 40385  7036 20869 33982 27911 16961 17173 44529 25927 46645 40857
 20777 25227   699 24412  1377 27314 41666  7366 16933  1561  6820 35651
 43615 24880 24889 23777 11491 11951 23326  6015 19550  2026 45173 39906
 26548 42530  8464 44861 17113 35529 25997  2562 24534 46655  9365 14904
 32261 39916  9655 36276 21717  4955 26579  7190 41263   328 30357 33744
 41106  9040  1968 35588  5311  3386 19228 23638   146 41248 44450  5110
   262  3577 16836 26764 18325 24288 19875 27943 39668 15481 25904   483
 25040 34266 32903 25136 46556 34019 39950 29170 28807  1014 43323  5338
 24841 42940 27005 23254 13739 36353   564 38589 10514 13898  3569 40785
 46163 20616 32839 34544 30724 19873 28309 41121 47018 10851 31305  2170
 39520 24686 30708 16117  8422 16557  7771 44459 42886  3245 43951 34730
 30154 32602 35339 25018 15398 11752 19820 23791 31587 24476  5031 37556
 29186 26057  5157 22571 30663 10604 16548 20281 19157 26343 20543  6467
 41802 45787 20947 12268 45489  5522 11507  3014 22630 24128 27288 34256
 41416 40209 27711  1381 30308 22225 39942 22847 40321 26743 28576 37470
 10993 33576 38376   307 17417 21843 44138 37516 26204 42765 37606  5345
 31916  6134 39279  3202 46839 25438 39718 13354 15610 38167   130 16876
 10854  3644 14795 11277 35996  5008 27525 28189 38570 26918 14874 18830
 14959 35057  8038 11094 19079  1106 27734 34246 14992 32807  4436 34452
  3466 23928  7766 33690 11268 33603 32383 15331 27590] 被查询，新的准确率: 0.99
样本 [29621 34778 35428  1072 42115 13149 43807   527 14681 12000 23592 44733
 20210 24783 29216  2027 15804 31007 25112 11561 32905 11046 27743 16889
 40053  7585 12115 22054 16801  2671 21595  9120 19056 31652 36218 44340
 37599 38507 41015  3308 15999 20539 42311 31415  6079 40303 22778  7641
 29657   767 24391  6495 33959 22447 13662 22965 18110 30688  1495 18029
 38657  2371 40832 40218 41308 21027 26482 25886  7620 16703 24177 17719
 23794  1050 18685 16800  8576 20977 43262 22361 16684  5482  8057  1971
 29642 19658 23518  3324 18810 39846  4549 16912  3351 16391  7661  3814
 43892 26400  2462 13612   371 14958 20560 36228 27734 28675 31285 29896
 33474 33044  4898 33319 20207  9556 45952 10389   521 30596 42787 44777
 19874 45822 34021 40662  8750 38991  9529  4668 16246  8215  2285  1532
 25872 30895 32735 32578 10204   949   358 15019 40517  8195 31489  2166
 29019 29255 17122 26716 18369 33444 29027   741   116 24111 33975 22963
 17569 12276 17570 10511 41626   620  9323 44620 23405 27640 38859 11055
 15425 46106 27010  6731 10747 23870 11196 42328 32193  6983 45604  2711
 43337 35620 42405  1488  6721 33941 18165 17482 10857 44220  3884  7044
 45458  9428 25016 13516 13329 17572 41076 38266 36962 24805  6951 29218
 27564 16258 27532 37066  7748  7070 21582 19317 30594 36212 26100 10464
 19165 26130 39734 25145 31170 10553  4934  1104 32173  6037 16890 42498
 46003 36294 19798 28506  5777 15212  5521 39366 15145  7871 19217 15771
 19063  9567 12043 33055 30340 22810 21981 31506 11754 24336 17858 41040
  5227 23087 32863 14278 16371 44189 30169  5144 35678 14262 28851 24729
  8396 15163 11178 31708  9635 40794 26939   667  6782 37139 32358 17933
 37537  5766  7436 16536 36160 11353 35957 13029 44798 24001 12555  5776
 44243 23753 41648 21773 14231 21283 35500 40095 17819 25391  7664  7532
 21982 39468 40312 38115 41669 21694  3391  9670 13955 28255 41053 14293
 11560 40688 19757 17564  5601 19801 44201 28778 31649  4849 38375   318
 25693 40497 17095 31693 37322 31449 11778 36698 11816 30447  2007 25420
 14365  5027 35136 18100   428 20408 16130 37080 15104 20702  5919 12530
  2823  8505 40191  8061 35926  6222  3376  5475  4371 13455  9587 18864
  4292 13842 45049 45460  6020 44882 41578 33562 30770 17168 12354 33674
  8173 42132 17027  7798 22757 12015  5836 43551  8494 38271 38038 21787
  7112  5881 39201  3906 41052 15951 22526 45361 23136  1337 28298 30785
  3781  7478 43126 37561 15460 13620  8634 16710  4588 17712   510  8632
 44017  9748 41429  4452  3956  1439 23211 16666 19210 18056 18728 12611
 15787  1450  6386 19184 28369 42303 22978   752 20275  2790   758 37284
 17092 44770 22999 20619 19074 43379 23261  9250 17885 42625  8053 11562
 34830 35119  2067 15685 32039 24633 13263   381 10392 44742 15461 20823
 44622 40941 42095  6630 23175 35270 23014 12947 17166 35299 11723 29979
 11158 14836 30121 46084 16860 41075  5319 43854 39721  4692 20216 27195
  4661 15366 23653  7467 28209  9327  2470 29031 16818 38570  6048  9654
 41773 18832 44116 42831 19042 20777 32164  1637  1349 26228 16468 14105
 42032 10360  7162 27397 28671  1588 19209  3224 12620 39147  3948 42837
 22720 10444     0 33497  1989 13140 27531 26966 34983  5167 44283 28142
  1512 11703 12065   995  2074 31893 15231 43674 39889 34746 36193  2376
  5625  5555 13065 36460  3762 31980  7582  9271 17180 23171 33559 18928
  4715 14055 22879 43550 31326 40827 25001 34424 40379 27090 42186 40569
  5786 37966  2962 39890 39710  3175 13470 42023 31589  4650 25584 10132
  3197 30680  7503 14965 11898 39869 42516 26469 15017  7125 45433  9432
 43334 21625 28740 22360 10206  2819 15904 26865 41229 15182  8417 32502
 38737 31245 18082 27060 38399 19767 11636 36882 24873 19370  8686  4712
 22941 10840 28527 38591 29619  6869 12003 32474  3066 11989   344  1530
 19041 36653 21259 10079 13768 23367 44418 19189 44697 11622 29015 36933
  8219 17673 32796 22212 26288 14138 40277 10026 20375  3127 22654 23516
  3674 45790 12435 33928 36310 17543  7662  6822  6408 40463 25912 14593
 22866 28519 17289 19580 28123 34336 34930 42509 19266  4455  1707 35431
 11435 37699 10646  2085  3465 43356 43737 35962 11576 25967 35669  4337
 43580 43760 21939 14298 40870   220  6540 40245 37571 35749 21282 19470
 35888 35435 30707 37067 12624 11340 12333 33033 22830  8048  3891 33136
  2941 32691  6343 24331  4288 10921  9353 26144 11759 22098 13306 27970
 42117  8753  5091 30200 40425 32035 25096 39593 23121  7211  3689  7309
 44458 33119 35215 27587 33971  5145 26072  8872  8286 41737 30793  7969
 10941 30832 19880 33897  3271 25082 37729 29452 15907 41131  7769 10405
  8507 21552 31073 29549 16471 32519  4075 38488 33660   924 32472 38312
 43664 44065 22266 34769 34162 25304 27135  3195  6432 29594  2771 31541
 21348  2252 17946 17629 24472 37774 40471 13550 31826 18245 34825 42985
  3198 32351 31939 14443 13411 10636 16993 32986 22290  4124 24497 29350
 17172 17743 44836   404 19352 27519 12622  2677 10390  3074 42739  1902
 27080 18305 39319 20934 43281 12457 36324  4007  5559 26799 37684 41083
 15664 42175 33694 16518  2520 16593 30462 22896 24174 43619  6531 32001
 27732 26890 45468  2606 27061 26394 13959 36671 20423 19985 25993 10535
 39492  6522 32422 22009  2564  5065 42122 44250 28768 17413 28877 34939
 33783 36109  5069 25225 23541 12269 42370  3099 10534  9096 12846  9251
  3378 21830 35058 40231 38968 21330 29377 31151 39540  5653 11423 14265
 31029 28155 16711 11285 14574 22915 19809 11482  5391 27196 26279 19360
   817  9015 27820 10861 19386 19326  5536  7253 39241  1746 19264 31048
 31986 37898 35272  9319 40001 25445 42565 44677 23096 33302  9531 26513
 34535 14279 27651 38992 30363 43033 27709 32137  4496  7081 35552 44711
 22670 35225 42281 32426 43361 30796 28263 32647 32923  1521 16737 11461
 38209 33433  9806 17892 30303 10287 10828 43840 22956 31439 28709 14345
 41708 25347 16904  6520 20569 30909 34887  2401 42164  6707 45143 10308
 26368 27982 39685 44920 12837 26225 10171  4201 30529 32514 24186   901
  3359 12497  7563 29466 21042 37250 16327 30668 36480 19478  3931] 被查询，新的准确率: 0.98
最终测试集准确率: 97.99%
