样本 [ 5484 34121 28032 34134 30296 12379 37001 24738 36020 14874  2916 38027
 34656 15095 22594 24021 11365 21749 22599 14503 37407  8722  4317 23504
 39267 15926  2570 10014 26075 39294 19938 13943 29672 11728 30852 34856
 12233 29636 11637 30107 29867 30995 19367 35621 12870  2489  5892 23255
 26867 29242 26634 30817   139 28845 18651 17521 32649 30534 12231 31443
  9220 33628 29019  2604  1758 35389  4195 22534 18530 18495 22686 15839
 38179 29123 12955 31872  1603 16472 23051 27022 38677 10963 32094 25098
 12350 17326 33544 36070 33099 21893 15766 32596 33412 21230 11215 38268
 37883   100 19923 14191  9895 16416 27268 25814    47 18676 33106 15751
 33309 11592 34429 27998 34755  9675  7477 12681 27602 28286 10433 37637
 15870 37829  4822  9707 37278  6630 37564 32082 24653 15464 34720 38180
 32832 14649 22808 19538 32979   961  2533  7275 31474 10624 16433 30426
 29456 38630 22622 22917 25447 38760 34466 35949  8233 21307  3927  4120
 16251  3961 30490  5835  2034  6809 20928  2914 12330 16867 38841 14740
  4363 27063 34984 33198  7840 25060  1831  1343 30504 18086 14423 29256
 34770 39951 37415 23793 18647  7711 31971  9721 10537 17234 24445 13371
 38514 31146 30833 10356 33493 36394 36986 35907  3920 29017  5965  8446
 36603 17819  7070 27815 39404 27267 28127  3114 39081 34986  6531 34280
 24397  4740  8177 26030 11056 19634  4681 18677 20283  3783 30806 32753
  2424 27524 21714 23623 25181  8465  9830  8691  5572  4925 31282   593
 23185 13891  1634  5720 26278 26063 26490 33613 14221 28669 21454 33616
 32719 16388 35682 31539 38161 36015 25902 32495 14009 28737 33782 10053
 34172 23645 12076  4384 39747 35092 15859 13706 25026 18863 20908 38718
 25897 35675 32584 10605 34178 27843  4788 13056  2246 29281 25887 18900
 26777  4125  3051 23834 32764  5509 37358 11564 27889  1164 32561 31975
 24607 26291 16687 35008 14990 12447 20266 20919 38156 22839 16655 10377
 33345 36720 32262    28  4704 31222  4606 26456 12745 32840    26 28606
  8582  3127  2898 32662 26173 26598 27140 17447 23416 33357 18379 30173
  7800  3937 34889  2541  7114 30569  4861 17905  5159 25533  7473  9621
  8072 24548 16653 37277 17606 15272  2586 12956  7382 24517 24361 28779
 30797 16004 30616 22716 22205 15273  8897 25550 23530 27963 39655 20434
 34988 26997 22524  1083 32791 25370 19965  8432 34925  7005 32998 36221
 30908  9086 32946 19347 19576   795 34836 30001 17324 16526 31800 34047
 36267 32245 38133 18189 13463 29446  2149 33835 28688 11892 39572 16249
 26174  8788 34082 18504  2229 29571 21305 12995 16830 16040 10524 26264
 13580 27050 18363 37246  9081 13782 16996  5222 19566 11393 36150 28359
 33661  1864 32401 39997  7054 13098  2951 19962  4576 38880 12352 32774
 21365 26073 37130  5591 26873 16932 28712 12930 11790 13186 14383 15988
 22134  9503 22644 18224  7548 38288 19867 27042 24774 25254 34368  5301
 32948 14199  2827 33987 22987 29926  7098  9041 13327 15223 38432  2516
  6689 34165 15993 38460   562   135   714   393 33235  9291  6421 14872
 14919 13180 39580 13282  2396  9125 29348 22949   611 27387  1712 34334
 36071 10413 38334 23446  4501  4765 15985 29480 36146 16632 34052 38251
  6263 24163 37504 36416  4968 36393 32633 24000 14696  4509  7794 27381
  1330 15238  8891 23019 19799 33292 29494 35649 20870 10087 25053 28207
 28189 27893  8169 29076 34220 22865 21975   152 12999   841 26256 22802
 18474  7401 36749  6037  5624 34105 19475  7224   550 25616 36586  6093
  2161  2492 18544  3792 25075   390 27701 24593 14240 34199 20657 20944
  4731 26071 36137 26226  5674  5792 22360 24630  3885 17393  5430 19929
 34323  5999 19578  1043 35903  5130 28063 33778 25257 25641 24146 25964
 26657 12308 19438 38793 13319  1009 33913  8463  2889 12161 22078 25618
 25827  5109 18392  8631  1604 10593  1396 32388 27847  8226 24577 11922
 33147 21286  5226  4037 17749 37156 20787 19621 27953 39423   226  5736
  1502 26856  2969 15725 18059 36823 26785 15972 11428 36552 13147 23687
  7105 15709 27551 19723 11551 37302 13099 20736  9797 27271 39344 21023
  2720  2373  5702  3437  3594 30575 15208 29848  6535 10338 38215 28928
 26258  9011 17767 14276  6556 25806 32944 18986] 被查询，新的准确率: 0.52
样本 [ 3471 29002 29126 39142 30486 14744 18749  1136 16022 28117 38342 20220
 15770 33413 15797 26252 34102 34945 33717 32075 19222 36668 36641 21820
 12129 14813 11501 25192  1339 33616  7448 20991 27146 23188 10633 12302
 24031  6390  4780 39157 26739 21142 37921 31655  9179  7820 13886 33712
 12505  8842 13845 18540 28898 16390 25701 26321 13290 20480  9676 32497
  4277  9060  4395 13856 38381 34208  9312  8498  5892 34277 34682 16397
 18320  6999  5508  8082 19826 33192 13298 26687 32830 19021  4538 19361
 24070 10261 36442 36961 23290  9175 19261  8050 32527  7887 25306 26702
 23673  8979  8503   553 19076  9564 26689 12349 21765  9550 13987 16690
 25903 17107   740 13440  1341 27663 36407 21748 12431 37210  3141 21320
 30900 19872  9194  7503  8763 34020 23463 11389 10557 31726 27506 38927
 38204 34977  3815 18733 36569 12708 19924 12446  5564 32461 24227 31601
  5640 24638  8440 25110 30702  2761  7522 15547 27250 34422 13474  3678
 15834  3512 22399 27789  5170 36648 11721 35727  8314 13843 22599 24441
 22554 12345  6735 23369 38228  9721 29563 22573 22074 13666  7759 28901
 16434 11597 13423 11763 37140 39263  2926 14010 14280 36391 36324 34862
 17141 14626 20708 37489 19055 36343  6992  4493 28564 36504  7600 37401
  3233  5533 15709 13343 22663 31917 17587 20707 34055 30907 36787 23226
 11786 26531 20772 36275  3538 27398 23932  7449 26237 20521 23199 13087
   923  9304 31425 28894  3353  9303  5483 19911 35937 16196 23540 26116
 35053 12844 32501  2904  3789 36851 28079  9103 27800 26828 27891 32444
 35590 34061 28832 27290 34389 36864 35803 15067 16213 31520 32354 15892
  1733 17613 19751 37358 37282  8770  7877 32753 34460 22075 24943 17171
  3065 21548 26551 32476 30538 20085  5958  4763  8018 27079 19133 13319
  1670 21778  6355 11979 29940 10861 12841  5056 34959 25302  9083 14772
 20393  8865 33200 38863  8158  2968 32607  5596  8309 14429 26786  4333
 13852 39194 28053  7997  4696 11185  5718  4746 11436  2790 15405    47
 19413  6388 17878 23988 28787  4745 13348 24547 32879 35112 37880 18044
 18647 16145 30248 33301 27890 34769 15465  7377  8216 17755 25676 32302
 34894 20113 19268 24056 32758 24687  5975  6509  6486  7252 23695  5374
  7346  9792 38340 20783  5712  7247 34190 11248 26912 18466 19471 17577
  9125 16284 13116 10933 10158  7076 17865 20967 19305  4526  9523 22788
 28959 10356 24482  8506 29402 14598 10583 31180  7135 34463 26529 22658
 29181 32045 15304 25316  4430    65 24504 22796  5641 15974 17934  6204
 12478  8235 34680 24939  2797 11741  8391 38214 21764 14844 33786 23698
  2397 19185  5261  4243 26481 14146 33327 27391 11517 22015 10807 38479
 28703 24562 10001 36907 36608 24628 24326  1584 26313 16780 38504 37642
 15121 16881  8832  1985 23871  2160   400 27548 38951 14282 20702 12818
 31129 35330 23749  7681 34671 24355 30788 13464 16882] 被查询，新的准确率: 0.56
样本 [19756 35323 18663 35886  8591 11055 21654 35931 17145 15516 20261  7519
  8838 24543  6421 23807 28161 24385  5168 36718 34476 20334 28001 14783
 15743 28594 24375 35319 18774 11199 32404  4570 37682 26590 11771 28624
 22587 29445 16295 37390 11314 13839 23589  6367 17397 16934 19737 24403
 23477 12542 31743 26523 18808 29402   331 28695 27067 33031 28212  4762
  9410  2430 14265 25776 28661 25754 12001 21567 31688 36934 20217 34887
  4384 10125 19943 28555 32589  1743 29725  2067  6753 37037 22384 23160
 31618 35255  4361 37845 14369 24245 30407 27421 29224  6564 24111 18248
 21119  9531 17850 38241 28796  9727 18586 20009  7266 19364 12381 32903
 25892 35348 27777  7490 26472 12210 38357 10384 17654 29105 27209  8156
 11215 25248 21220  4619 13631 24880 35800  1473 23067 10494 27575 13923
 10029 19638 29927 21691 37333 26056  1062  9322 24440 17732 17273 16709
 30633 34085  7435  6944 11567 20684] 被查询，新的准确率: 0.58
样本 [ 7951 34905 21691  9612 12483  6571 17585 37917   473 14384  7753 16627
 29102 20596 22246 13078 13337 13406 11422  6852 26540 24020 38400   164
 31366 16081   584 19504  2637  8997 10951 36788   210 36420 29112  2606
 31871 30809  2628 38630 25164   163 25996  4483 38362 11256 34133 24192
 16926 12281 26570 17191 13678 18820 15706  3347   976 22813 28228 24206
 38324 21883 13214  3361 30075 33714 35886 35940 11053 38212 30536  1265
  4178 16645 23972 31535  3433  6223 25800 34650 34875  4137 29370 14313
 11113 33165   787 16277 15377 23362 10995 36888 20563 31217 14578  3145
  7375 32234 18602 38105 35225  5051 14739 15085 17159 26619 33301 11908
 32251 33826 20210 20055 34938 38379 23591 18730 14363 14108   514 22903] 被查询，新的准确率: 0.60
样本 [26147  9163 25815 11593  3796  2701 37774 16716  3756  5767 34006 21093
 26096 22809 15854 11051 30568 22296 34971 21568 34316 27360 14766 36280
 34380  8313  5218  8302 11740 30667  8206 26716 21007  9819 35728 18415
   251 12839  2578 35675 29190 33778 32789 11027 19263  3832 20167 38309
  9030 25838  5588 20069 19800 16560 38511 29986 31512  9715 28536 10319
 30243 13258 13743 14525  1445  3012 16323  4362  5844 25105  5330  8226
 11144  2011 14608 19642  7972 16449 36524 15597  1060 22965  6367 38448
 15824  5403 37396  1534 20882] 被查询，新的准确率: 0.61
样本 [14839  3602 14109 18086 12299  6765 10800 21760 11239  9961 15343 15375
  6606 17961 28658 29822 14316  7603  7059 12171 13531  1527  6339 22879
 27682 35499  7419 10926 34663  9495  7461 31772 26459 17174 14892 12920
 28624 17562  9913 15720 32508   938 13004  6657 30719 22580  9730 19682
 37067 35450 29921  4283 37501  1646 12798 14871 14312 33553  7253 16661
 22938 27540 27201 30097 11357 23916 17240 24262 17777 27977 15021 21313
 12196  5837 24560 15118 21906  5480] 被查询，新的准确率: 0.61
样本 [ 3473 28804  9120 19304 34448  6843 12262  6284   800 23783 27208 37750
  6858  3506 27050 21997 27875 29322 16938 16280 13244 36252 18573 24696
 10369 10661 21424 27384 37348 18173 12897 21162 18378 38170 21901 30241
  2606  8382 25075 34024 11791 33805  3248 13190  5041 21675 17754 35338
  5482 10963 17367 33255  5224 31726  3059 10614 17400 16932  7538 15489
 36026 11493 31023 24814 17134 24471 32883 32474 15978  6173 26964 18715
 20069] 被查询，新的准确率: 0.63
样本 [12741  5881 26874 36666  6739 14148 18006  9719 20305 27418 21841 22266
  4980 21173  1008 37549  3333  5142 18258 26562 22991 10566 35020 14023
 33382 11780 18221 16664 24892  9493 21752 21701 24480 16926   811 23396
 29835 13756 26457   466 17150  4454  3019 38230 29668 34583 29173 22892
  9913 22657 33027   417 19740  9349  7744 36207   142 28588 36145 34414
 21765 32300 15286  1869 38072 28640 28265 11908 36698 15796 24912 12060
 29733] 被查询，新的准确率: 0.61
样本 [21031  2510 28270 26773 35285  5387  2734 33507  6331  9296 12732  7525
  1065 12581 13063   607 28795 21981 23510 33926 11602  3898 37721 16931
 25685  4313 26081 22900 24715 21968  9975 25168 38239 33085 15845 23024
 27541 33378 23861  7487 16497 10998 29145  4630 30847  6940 21251  8759
 35255 21658 15677  8772  7945 25934 36279 24511  3976 38000 36695 37274
  8595 37582 16036  1160 23493] 被查询，新的准确率: 0.63
样本 [32108 14966 29973  7034 17295  5963 34537 33712 37416 16560 28207 22943
 17683 34026 21260  3269 26863 18464 19379  1696 11663 25171  7623 29721
  6155 28777 23460 14984 23805 31281  5481  8268 20098  6527 31268 20360
 12398  2803  9241 32199 25133 18500 17488 28909 23554 37793 23914 19745
 16501 27142 12644  9314  2312 12951 29684 16233 24953  7621 21930 20479
 22228 19183 20903 17006 27463  5588 13540 14938 32430 15518 29240  4132
  7350 28706] 被查询，新的准确率: 0.63
样本 [18312 35238 14194 33734   569 19025 14988 12012 19484 31428  9439 29739
 10053 26111  7677 30106   234  8745  8072 20348 16179 26960  3506 27247
 27218 30148 19271  5421 18918 14569  1584 22854 17909 32109   169 32416
 31453 33544 12885 10853  7209 16410 22388 30510 17853 26287 14453 21795
 13405 12976 27573  1513 26319 10777 22961 11254  7625  5706 23000 10308
 37985 27619 34040 20817 17217 13575 37192 10067 27988 31929 18155  3424] 被查询，新的准确率: 0.63
样本 [ 4806 35880 25895 15317 10824 30510 23828 38010 16464 21902  6038 13641
 22492  7639 18850 25851 37639 33033 21004 36247 35403 36128 20048 11341
 34760 15841 36207 16410  2619 34003  3017 35745 23870  1505 15408 37477
 10273  4270 22168 16951 27444 28882  7571  2538 24394  5674 27869 34663
 16932  3176 17428 18354 21760 20121 36694  6541 22122 14556 29521] 被查询，新的准确率: 0.63
样本 [31660  7036 15780 34599 37739 26871 29507 14000  8455 35549  8186 26718
  7711 10063 28887 36471  2457  9132 32606 13842  1722 35951 31982 15267
 18371 28255  9200  7803 31410 19547 22075 22342 33427 28975  8875 21535
  4456 20908  6352 26779 13482 27769  6461 30147 19197 37222 10554 15016
 25205 26430 27635 16110 20544 14822  7514  7679 35683 33826  3876 24226
 35163  3780  6293 25820 25171] 被查询，新的准确率: 0.63
样本 [ 5959 13674 29947 18678 18406  9430 10359   769 10506 37182 11899  5041
  5587 24100  6359 29456 15424 10631 29495  9853  2682  4566 36911 19303
 30828 20034  5632 20000 32701 28546 13745 14774 32878 29349 12050 16455
 16901 25222  3930  8410 27128 21319 31733  7793  5511 20283   399  8216
 10189 27787 24251] 被查询，新的准确率: 0.63
样本 [ 3677  9470 35193  9250 13605 31673 22606  1429 33687  4207 19350 23859
 33737 12749 11094 18419 28145 13259 33361  1137 22143 24162  9181 32787
  3536 17150  6578  5613  3353 28943  4731 13815 12731 17273 34320 20059
 14608 16132 17526 25348 32925 15604 30517  7967 28420 14310 21967 10313
  2964 11399 18265 18560  1376 34941  2169 17352 12679 14489 17617  6162
 15291 18219 25464 32859 36519 22189 20253] 被查询，新的准确率: 0.64
样本 [ 3439 30516 22514 31159 32962 26206 23699 14360  8577 15059 29316  2565
  9864  6001 18479 36989 19199 23257 22471 28301 12841 13476 22513 14480
 17564 23009 35226  8474 15304 17836  8982 35091 12308 28759 16494 29758
 37541 37636 31507 18904  7888  8487 25643 16928 37367  3141 20757 35619
 10698  7948  2994 20892  7095  4065 24775 27050  4902 37343 25952 17552
  7323 34026 26463   523 34361 20001 21147 17769 10668 33505 26413  6216
 20089 15351 25916 19144  1859] 被查询，新的准确率: 0.63
样本 [14200 35939 20373 12538 30225 21248 28599 23378 14732  2368  4478 20726
 20692 13540 26170 28796 22016 23623   837 21319 33611 20307  5102  6220
 12436 13854 19928 27894  1396  3652  2771 19597 20237 27720 27429 32553
 11183  5728 19986  5887 27935 15514 34524 16447 24695 18675 31162  3778
  7600 13123  2806] 被查询，新的准确率: 0.63
样本 [23322 28539 36029 33724 30405 13674 18336 25656 19164 33394 10811 31701
 27091   147  5226 18850 18339 26775 17767 17692 35186 25873  5643  1659
  7606 20799 26193 34954 25715 32894 28221 31892 23236 34675 20434 33953
  3354 23447  4552 35679  1579 24677 24759 21267  3130 15952 19968 14936
 36906 25853  6990 29359 12490 13803 11921 34201 30765  4718  3461 16201
 21618 32124 27538  8793 23711] 被查询，新的准确率: 0.64
样本 [21475 26030 37213   552 27274 29493 25649   766 20996 37481 32005 31132
 30244 15765 24950 16779  3325 31483 31831 37001 26186 28023 30959 30102
 12416 12168 28986 34860 14777 36898 21503 10202  6405 32872 31306 20249
  5014 36697 29711 12102 37277 23758 34432 30227 28591  3011 23747 33217
 24889   908] 被查询，新的准确率: 0.64
样本 [27225 26029 21181  1307 22845 20098 12802 37306 17745 37264 24292 28423
  8748 12517  5262 23885  6041 13743 23880 14227 16258  3745 21355  3912
  8818  9985  8124 18591  3684 20878  1420 13176 12045 19653 37512  3045
 13659  6832 27381  6798 30629 21455 14195  8480 27214 11269 24323 34035
 24807  5927 12028 26294 35940 34499 30724  3058 27486 36679  4630 32928
 22149 35496 35455] 被查询，新的准确率: 0.63
最终测试集准确率: 62.85%
