样本 [11371  6386  2157 ... 23767 38542   242] 被查询，新的准确率: 0.58
样本 [ 8682  7409 22263 ... 21703 36417 33045] 被查询，新的准确率: 0.53
样本 [10484 23192  5696 ... 33586 34632 23039] 被查询，新的准确率: 0.59
样本 [30421  5597 14564 31370  1738 27739 15054   524 22735 30821 14476 15723
 11899 11353  6754 25864  5202  7411 17164 31610 25417 32666 15467  3848
  8278 26410 32435  4269  6423 15967 25739 33742 17068 26852 29226 12470
 25645 25703  8675 13663 19840 16388  6701  4015 28518 25498 13868 10166
  9425 21998 10879 23992  2865 27033  5317 35465 28599 28307 12237 17102
  3214  4983 10354  8029  2668 22715 30124   137 31275 33208 18164  1712
 10597 12886  8597  4619 11792  2339 14895 23696 19641 12131 25890 28284
  1077  5206 32388  5363 28093  6645 35515 31068   980   846 12721 28248
 19144  9597 14881 24868 24845  8012 19205  5510 13251 18801 22873 31754
 10700  5988 17949 20911  5381 22989  6390 31259 14430 10211 35113  5954
 15612 23644  2973 22089 29211 22442 14171 14399 17221 27178 16870 27374
  7306 28194  1442 35193  1871  5509 14710 14809  3640 10474 13900  6248
 18202 15308  3588 20543 14540 10746  8093 12521 10744 20225 19106 31116
 26221  2531 11890 30348  5098  1963 34571 11209 15879  5435 10676 14835
 14761   911  9505 21056 12756 20617 29879 18633 19330  2004 31575 27741
 24691  5919 11558 12235 12748 15885 12425 31947 19402 31863 31006 14156
 28618  8599  7969  8756 10675 22227   248 12613 31789  7674 23341 24346
 12159 31003 27613 28840 19643 10167  9967 25614 31950 27467 14216 34880
 34042  9294  8753 35188 15449  6232  4162 33830 30022 17866  8122 29071
  8150 17428 26339 12461  4789  9039  6320  3555  7632 22375 34632 27263
 24258 17999  6241  5759 17237 13837  9782 15943 16381  1758 14836 21356
  1599 12600 31416  3190  3780 28616 35090  1580 27567 13821 27179 28698
 14422 16322 31403 23147  1364  1320 34010 16334  3891 15671  6065 27150
 24922  6477 23907 13501 10712 24990  2467 21575  9890 34117 17507 14294
  8013 29481  9363   993 18900 33401 13307 24436 19754  2835 16003 10929
  3965 24252 13498 14496  2564  9479 21787 21953 21361 32209  1038    31
 15345 12911 25923 19849  3395 23474 14161 16958 17290  5508 32798  1637
 31349 34440 34658 30480 34179 19966  8593 29179 12300 32469 27977 16798
  8664 27843 24701 33677 31503 22289 15918  6260  6684 12075 18210 19341
  8508 19949 13309 28591 11519 18836 27453 11175 17404 16025  9929 12409
  6322  6570 32415  8947 30318 11905  3591 10342 31764 21531 12842 21706
  6615   293 11463  2374 30970  6941 31697  4677  2917 34911 23929 20937
 25769  4047   801 35579 27851 31666 16603 13008 22509 34812 17678 23568
 30270 16536 35390 33548 29997  3582 35405 23437 30516 31009 32447 34978
  7473 22090 18961 19509 32240  4554 27377 10463  1248 18143  1022  3139
 22835  3117 27676  3249 25848 31621  2195   869 32638 18289 22812  3464
 29973  4601 30218 14526  7792 29574 31627 15341 11325 14807 19982  6687
 25064  5993 22002 25713  4786 15436 28945 12035  9160 34795 31842 16227
 33345  2662 20705 24089 21027 19154 25756 14920 18380 24039 28534 16183
 17997 26933  5780  4902 18014 27208  7168  4001 18592 32733 25889 15564
 15354  6406 29300 30051 12899 20783 15157 28376 25621  2560  3938 12401
 26023  1680 17284 20078 25164  9661 13354  4586  2259 11977  1197 25384
  2026 17156  6662  7800  3551 25076  1646  3642 17348 11568 28480 11793
 33628 24944 28050    22 27274 25389 15348  8594  2164  8632  3830 15442
  4375 35621 33707 23461 34667 34660 10876 17693 12330 14098 22484 15023
 12250 11153 18594 30999 21994 18681    58  4129 34769 29735  6782  8293
 29509 31048 33829 32372 33330 15963 18767 22806 21614  5714 25345 16875
 17873 22374  5809  3467 34991 29197 17953 23753 23146 18225  7283 34287
 15401  4992 30731 32006  1799 16510 19166  8805 13102 34903 15545  2223
 11349 32424 12357 20620  4758 19078 14525 24482 32769  8950   582 26845
 16231 33175 27061 21770 24806 29405 15915   805 30444  5290  2540 10794
 27356 12422 19568 29051 22637  8336 29146  6028 24002 13808 11695  1543
 25633 24771 16994 13443 28600  1842 19290 32758 16934 29153 25444 31861
 33652  1200  5027  3928  7357 32108 25659 35310  1209    41 11824  5882
  3454 32380 26836 19728  2644  8016 14727  2326  4150 33699  3233 17227
  1852  4795  7263 11761 10770] 被查询，新的准确率: 0.62
样本 [11906 19067 12438 12772  4846 22231  8046 26619  9989 16803  2549 28563
 16267 34271 30682  6315   573 12628  4064  3591  3989 18410 13363 29570
 16080  5309 19915 11639 34438 21444 18791  7052 13652 29701 29795 17242
 13241 20475 27308 14512 20077 24820 28146  4225 18894 30511 34106  7586
 27102 19365 34274 21777 14103 10568 32440 24433 12750 12905 32928 25883
 27708 17691 30047 28968 26003  9678  4838 14725 21109 26318 10291 19432
 24685  2900 32920  1873  7121  4890  6181  4889 21611 34879  8470 22062
 31301  2837   450 31958 30699 32606  9577 25944 34261 17870 12236 20425
 33880  1305  4079  6103 26824 13141 19788 19161  6137  2479 31748  3205
  2284  9077 13211 31003 21102 21589 33558 30560 13352 20681 13534   245
 31632  4969 15991 28881 19353 18406 26411 34038  6133 22345  2845 22021
 24733 29046 21815 10022  7303  4366 10711 10707  9971  4049  5803 13182
  6605 23414  2433  7258  1237 10961  1491 31985 20034 15512  5771 21685
 23307  4679 15031  7079 10156  4612 26647  4311 14657 31880 34335 25317
 30407 18842  1175 25774  3705  3901 18028 19811 33196 29579 18265 18062
 27159  9970 18086 16483 26191 20107 22938  2196 17159 12966 14661 14947
 30404 13405 17198 24154 24190 28383  8310 10263  6946 21067 27505  2540
 29636 11866  9480 31638 13861 14040 25520 30594 29762  7511 13763 30680
 20815 30789 23376  2247 20224 30825 19113 33766 19552  9239  9516 26290
 20573 20176 32273  9188  7534 19059 23248 21160 30633 21612 22769 21496
 13816 32050 26920  3966 14161 21107 15246 23336  6640 24893 27321 27623
 14118 15510 20658 33818 34079 16985  8352 14815  4864  3125  2755  3230
 10224 18898 22979 21027  6171 24888 23063   911 12250 11255 23425 17780
 24762 28168 30622 31502 21048 30552 26760 20937  8863 24432 11560 18902
 33909 19999 11705 31753 29323 29508 25358  7892 11219 22485 32267 11513
 16157 15817  2811 26248 33551 29425 30192 13543 17655  4163 27489  5507
  5297 12927 21903 33711  7791 10049 15722  1219 14645 16494 20554 21594
   213  8039 12981 22272 26690 10245 27709 23655  7504 32352  6801 26097
 28301 34585 20837 27368 18471 28227  8620 18772 23966  9520 10877   660
 12762  3128 22969 33280  1077 23558  2014 13911 18836  7102  4716 14958
 16314  3605 14027 32867 32495   996 14105 22617   740 30654  1358  1811
 23896 15366  1307 11573 13948 11054 27204  3739 24656  8053 16292 30684
 27365 23900 11950 25812   430  3182 30418 12002  7683  1400  8648 25630
  9889  8124  4031   951 17600  7284 31412 32735 17769 20762 27047  1375
 15095  3393  3760 32553 26425  8591 26894 33964 27033 14739 19776  2722
 26673  9591 33934 18977 11079 31106  7115 30146 29865 15267 18812  4267
 31622 15801 30778 26291   373 21666 14172 34694 11427 15554  6311  3959
  1909 23550  8552 28324  2571 26668 19898 15261  4853 32914 21034  9007
  7203 31554  5055 16388 27464 28411 20247 25680 29190 17723  9404  3385
 33721 26395 11946 26648 19458  3322 30008  5900 30846  2033 24018 19034
 14112  6604   929 14537  2524  1726 33612 20703 32329 18561 28380 34425
 25644 29197 22555 30982 34329 30558 14502  3938 29892 29010    10 10123
   444 13689 28847 34471 10838 16047 17356 23654 20099 28095 34076] 被查询，新的准确率: 0.64
样本 [25476 10970 24324  2537  5971 29747 13286  5677 31430 26719 33104 30795
  1148 29133  9642 15942 23135 14024  1614  6716 13082  7515  4062  8308
 22492 28103 18610  4974 31124  4531 30327  3205  6148 26970 13241 18985
  5719  6375 16243 34258  5887 32102 24168 29279   781   545 15212 22046
 18692 13996 20500 26686 16164 27179 28154  1736 27484 12762 34031 31641
 20009 18003 15101 27700 10099 14643 34297  2784  1610 21573 26852  2566
 19338 22257 25972  3107  3481  4722 28934 34214  8979  6975  5410  3207
 25553 19226 22675 30402  6950 17652 20146  1392 13469  3295  9901   171
 20439  4389  5108 34103 21672  1868  7703 14788 20022 17919 21845  9162
   935 26568 13928 12027  6455 28696 14103 16914 23996  4419 10366 30375
 28059 30724 30876 22798  7257  7536 30867 25697 31156  6293 26916 22473
  8021 30886 19469  6923  5854  4541 11992  6031 20404   209 23833  9152
 21417 12805 14975 25466 29517 28312 32967 26244 26808 18700  1777  3158
  4007 30093 16479 15442 20313   636 33026 27657 26197  5065 19999 11953
  3234 28951  7355  9071 26684  5575 29301  8144 15931 27369  6046 32123
  9590 25277 21496 28885 15528 11740 19157 24519 13863 29410   268 18260
 21006  1125  1670 17839 22028 33094  9449 27901 21055 18701 30614 11001
 21944 23877 10290 28065 16857 10818 25244 13738 26152 16642 12187 18742
 28777 14318 31214 27448 18704 13884 26845 18768 14660  3289  4452 21282
  7078 19680 17728  2961 24471 32641  1172 33791  5588 27531 23974 30666
 10360  4646 21596 25424 29834  6529  8841 10251 15705 13106 19044 24627
  9530  6921  6667 17505 25947  6017  6036 27462 18436 22026 26504  4041
 33737 26079 29501 13336  8336 23108  7121  9324 28830 29698 19387  3244
  9155 21824 22571  2281 28292 22139 24455 30439  1111 21154 33571 10107
 25560  5845 19511 30108 28500  8631 18401 27521 20048  8601  3650 11427
  9509 34004 12081 10524  5124 26088 26356 11864 18156 22228 28379 17859
 29596   790 12533 22827 12810 25123 33383 14303 29011 21082 26418 29895
  7064  5849 34423  5492 16487 15856 33156 31376 25963 19775 19847 19298
  1780  9239 24758  8062 24511 33951 28518  4751  3835 30580 13289  8721
 19202 15992 13409   377   451 16619 18095 12808 12531 13861 20583  6240
 12113 25598 15618 10049 33158] 被查询，新的准确率: 0.64
样本 [20808  1829 33581  3179 23457 25643  8211  8508 20441 14043 10913 16107
 27020 15641 27467 32982 22503 15445 21151 13057 20576  5340  8327 13608
  7500 25801 23567  2382 24128 31876  8581 20364 17636 32939 31200 12838
  8186  3853 24551 25595 15066    44 26775 22893 25827 16787  4176 31427
 25192 31057 20382 29317 11675  5975 26619  3406  4379  9064 18593 24752
 27059 10676 21114 18022 31939 19995 15234  6950 12505 12184  3426 26664
 17878 10066 13774 19578 18118 33167 13700 12207 26534 23366 14201 32311
 13585 15368  2718  5754 14145  8683 11362  8155  6854 26070 19132 25068
 24119 26993 19636 18355    79 24295 27674 25429 13518 14970 23907  6702
  2553 26457 14829 16698 24557 15789 13785 29956 26633 12744 25740 24895
 12171  1142 17288 12741 26910 18607 28150  9437 26498 12090    77  5621
 18561 32993  9605 10762 15303   274 30717  8448 22781  8884  9187 25864
  9860 29891 17406  3525  6894 12919 26461 19698 19450 16081 14034 11271
  7211 21215 25511 30978  3521 10360 24819 15343 22241  3355 27997 31087
  3472  5367  3352  2504 26774 24649 13036  2635 14355 21899 16716 25357
  6205 22992  5777  7970 15987 25300 13187 15538 19371 10927 23116 32395
 30571 20383 16651 15745 25022 11009 20875 11123 26901  6727  4814  3743
 21240  9399 24283 30010  2732  1282 14790 10234  1250 15289  6267 29081
 17912 30929  2936  3658 21583 15837 12543  3617  2680 15143  6890 29878
 25751 29978 22075  3609 33524  6166  1265 12852 24126 10768 16745 31349
 24884   946 26877 25669 25985 25597  6251  4839 25048 25713 28647 15621
 15734 33526 15038  6332 20326  3062  6475 22094 30582 32388 27823 24359
   972 16016  9888  6850 13703 21222 20223 20802  9742  8546  2839 10757
 27081 11581 20592  5005 28385   519 11384 25997  4782 32712  5237  2735
 24035   744  7136  2096  4573 31316 19523 13318 30663 15886  9030 28763
 10720 21796 22234 25834  9472 22471 30549  6504 13270 33640 13185 28224
  4422 10059  9998 21947 21870 22067 33007  3465 21109  8475  6054 22887
 14003 26731 22245 11457 12017  3378  9079 19949   834   107 30997 26458
 23042 17112   577 11962 25456  7990  8831 29725 17770 32266  4509  6521
 21393 12446  2697 29941 27847  7341 31199 10273 14369  4598 16280 15847
 32342 12119  9593 21747 26920 26109  7534 17757  4657  6706   871  8901
  8057] 被查询，新的准确率: 0.65
样本 [26195 22231  3198 12200 30337 29775 30504  7590 12407 32329  9813  3487
 10890  4871  6713 18894 33355 32117 29115 21248  8843  2944    43 26638
  3396    75 33112  5410  4294  5140 14181 33676  6983  7163  3421  8178
 10571 32581 29950   960  3857 18092 13930  9939 19348  9357 20771 17811
 32478 33034 22315  5043 32203 26697 29869 21537 11111  2672  8566  6604
 21850 24461  8398 30793 27451 20921 32992 29197 22028 27318 18820 24921
 16363  6804 30126  6873  7078 22493  7924 19526 25303  6060  3795  9061
  9297 12139 13546 15114 32021  7355  8134  5570 25641 12441 11099 28816
 18812 26516 29927  5727 12457 28729 30745  1137 18195  7145 25213 13834
 20974  1388 25139  8758 26415 33646 14465 19581 11698 14778 11473  9553
 22599  6911 14068 32646  9882 21262 14569 28154 30319 18172 14504 15471
  8839 26411 13803  3094 26374 30350 24663 24559  3887  1094 19364 22475
 13348 20292 18627 17562  6278  8346 31819  7465  7238 29159 20077  2366
 16766  3048 10732 12330 23465 12512  4496 21957 22674 15656  6567 31738
 24193 32408 22348 13521  1336 25987  3763  6908  1661 25117 29423   658
 30624  2244  6942 14203  3338  3329 14235 15417 11441 29457 22155    38
 29578 32742  3775 33369 30316 16714  3059 23588 29276 24129 15428 18460
  9973  3157 25878 11874 31610 21701 13553 15205 30941  3646 29376  3312
  9864 12341 15272 26681 23863 31200 23608 20288 15605 11524 30271 18238
 26743 28580 18381 11359 15687  3728 14862 16847 27203 20459 12338 31166
  6059 28653  2569 17680 17157 24674  3906 30754  5708 22742 24939 24345
 10396 30785 28395 24736 19902 11733 11152 29782 30028 23704 11817  9970
 23729 17709 33435 28422 29914 29588 11976 23562 13035 29081 14724 15443
 24263 21770 29227 17029 33588 22687  9320  8668 24834 12642 21968 24194
 24678 29546  6862 27576 18946 19816 15128 21184  6254 24527 32018  9790
 29088  9092 28542 19568 16583 10892  2353 18638  2305  9905  4392 15475
 16939 30064  5828 25409  9721  4737  4233  8000 11884  1718  3647 26630
  6265 12740  3270 13668 32308 17102 17244 15276 26823   692  6863 23007
 33030 20100 12948  1025  5600 12303 16179 10490  5790  6336 28386 30478
  2059  5634  3934 16575] 被查询，新的准确率: 0.64
样本 [30048 15514 26195 31657 22658  8239 24290 14493 11271  9857  8718 26977
 11179 14636 10198 13627  3539 13706 15881 28973  3761 23984 25016 27975
 15246 22135 16976 25073 28345  5731 33184  1071 16903  1279 14879 22918
  6909  7041 26378  8316 32722 21449 12255 14279 22181 16391 12734 17059
 25153 26891  4646  1919   345  6969 14428 25349 11289  7466  9741 22826
 33027  1624  3641  3188  3146 22153 21270  4389 17258  4896 14062 30266
  7390 14033 16904  6539  1971  4687  6106 16764 14354 24295 10763 32582
 16992 33061 21646 14692  9195  9329 24116  9190  6188 16043  4451 18439
 26316  5503  7126 32120 30884 25680 20735 12693  9832  9349 29144 29316
 32165 18556 12166  8635 19427 16927   874 30065  2485 13145 11301 18023
  1355  7001 26431 14344  5937 29346  9889 12904 23978 31281  4206 18864
 12091  1257 31385 26823 19958 18162 23872  9638 20626 30398 23020 31074
 18457 10429 11927  4343 13173 15891  6251 21410 13057 31164 11843  7006
 31837 24315  7985 24859 10541 26514 10315 11909  4416 21972 12889 18367
 20568 19590 24655 28819 31256 17882  6988 33103 25383  3035  8906 21981
 31499 16718 33085 29485 31914 18569 20632 11008 22088 20132  2330 20487
  2979 24275 24241 27544  6069 33282 10676 32789  5669 29477 18266 23595
 23744 11535 22189 23517 23493 25139 32801 33021 22230  6639  5080 13781
 16793  3380 29309 18122  4924 19303 32803  5766 24236 12982 33012 33294
 16585 29555 13291 12912 13796 13580  6577 29953 16970 10512 24758 27359
 14894 15641  4907 22206  3335 16535  8924 15427  3361  4003 14594  3710
 10281 26715  1987 25899  4941    68  9486 28244 11558 28985 23592 13193
 12833  8336 18170 15297 28091  9747 28750 27855  4952    13  8351 21530
 14037  8289 32057 15688    34  3284  6009 20337 25409  1913  7422 11501
  7213  4536 24677 24936 25979 32282   690 25750  5311 20637 26932 30214
 28275 15680 18675 19817 16349 17706  5613 13487 22632   223 12863  6197
  9335 32941  8428  4551  4263 11060 32197 22546 18705 26558  6436 12038
  6334 31439 16398 26511 26874 18324 27242 20032 26518  4270 13574 28172
 28756 16183 16039  1137 16340 29716 27891 24627 20743  2653  9417 25962
  6550  6167 21627 19882 24635 20306 18360   575 25284 23289  4677 23900
 29705 14544 16052  2575 12563 23663 25402 10540 26478  5677] 被查询，新的准确率: 0.65
样本 [28875 10041  2206  5067   409  2277 29141 22405 14925 20487 21841   670
 31267 20928 10053 17042 15660 11443 30334 13927 10904  2807  6679  1828
 11417 24438 22931  5697  3688 10429 22290 32063 23833 12896 18194 13181
  9391  3609 29604  9241  1718 31821 15361 32923 21570    54 12407 11749
 26841  6898 29942 24605  6410  4464 11299 14023 32893 17834 17171 19065
  5345   556 12416 13244  5494 28057 28681  2074  1047 28334 29828 21878
  3630 10780 17251 31874 27907 22333  7905  2102 20245 32699 16400 22958
 20595    34  2829  5161 28755 29225 28831 32081 27324  7121  6055 25532
 24561  9212 14030 29134  9436 15550 27861  7364 12626  8067  7179  5948
  9985 32617  6854 23332 28215 13204 13614  7118 30511 19373 32625 14220
 28864 14202 21469  6058 30317 26108 31357 23875  1178 30752 27518 21253
 10646  8188 27843 20823 24769 30377 27402 17211   338 30695  4305  7451
 26551  3430 11133 23922 10782 30903 27177 11792 26782 26055  4866 10340
 21500  2971  6041 22179 19099 32233 31604 31063  8477 12683 19675 26920
 10354 31507 22343 32323 10081  9117 15501 16772 31580 32163 19400 32278
 20376  7570 23407  2512 11124 31368  4081  9854 30255 19649 20309  7817
 32130 26463 29862 28614 27278 23802 30607 20424 17506   510 12424 19185
 12006  1401   747 31324 25506 18365  6143 25819 12293 28287  4015  7383
 26515 13740 18541  3773 18921 16283 23524  7158 23203 21794 19921 13666
  1947 17805 18711  1611 26566  7472 12070 21993 25540 29848 12554  9694
  7967  3798 21017 20796  2862  4750 23557  8912 30135 26605 14171 31441
 32229 21557 29733 28479 26765  6774 10438 25947  8289  8121 14118 19824
 13185 18026 27724 30715  1102 14713  5295 22745 23714 10660 28210 12780
  9495 30959 13768 11741 10115 26624 17695 11977 12268 24355  5392 27103
 20073 30349 14527  9721  2061 23437  3714 30642  4911 14525 14323 18497
   284 28150 16274 12914 18195 21575 24157 10190  8428 18791 10292 30267] 被查询，新的准确率: 0.65
样本 [31430 23019 10265 19198 27148 15498 10360 12500 25771 31479  2962 31886
 20227   689 22354 24820 19686  8246 20362 18463 18326 14789 10499 12445
 32651  9063  7163 29363 30739  7498  7535  8722  4536 29161 14343 20034
 28672 17094  8648  9212 13653  3107 15362 19506 15952 10851 15520  9546
 20400 15423 25796 21779 24700  3721  1393 20100 16890 31192   856  9321
 32099 27777 21791  3076 31645 17701 16146 19882 12193 16302 15568 10960
 23325 11261 27534 23838 17531  8036 10965 20126 27992 14445 30977  4062
  6531  1649  2578 23473  4683 31572 23161   192 20722  4027 18738 11675
  5370 16154  2266 10356 11448 20669  9839 13257 16340  9091 30912 10406
 31516 29252  3371 28131 26593  4322 12107  7186 14508 19868 23319  3811
 27189 12209 31808 18384 12654 16101   137 23485 29434  7875  6192  5802
 10517 25924 21209 20256 29065 14262 27431 22605 27869 22650  7922 13471
  6572  8848 21055 17388 13750  8090 29167 25246  9251 26928 10006 27879
 25147 31630  3031 12024  5904 18310  1672  8975  5662 32163   429 15500
 18302  8531 18109 14457 14824  2818 12511  3674 14045 11249 14085 19788
 24999    42 19715  9991 12481  3799 18999  6797 13081  8445 26897   372
 22799  6067 22210 11152 16287 14291 20933   318  8474   750 30886  1999
 27954  1652 22990  8730 10395  2063  5037  2966  5257  3458 24978 18544
  8692 31274 15950 13265 20697 23691  8235   974 29385   114  3014  8119
 22163 20827 27857  3682  9587 11334 18659 12325 31850 23041 32170 10095
 14010 19442 26809 20252 11521 30730  8386  3837 11158 12125 28940  5041
 31734 19314 27606  8680  3323  8122 20804  1323 24809 27923  5198 11102
 31084  7147  9262 14237 22333 20758  3338 22131  6263 18016 28446 32299
  3398 27725 22778 19718 27282  9710 22461  8887  1595  3819 12006  7593
 28889 24839  8795 25314  2374 28985 25449  3794 23668  6415 22553 30481
 32559 27377 31872 21405 30446 22288 19372 10920 19465 17871 17589 20866
 20632 17285  7513 20778 12929 11293 23719 23865  6354  6511  6649 28137
  1763 26070  7383   311 15449 25491 29083  7267 18601 16212 16407 25825] 被查询，新的准确率: 0.64
样本 [  401 17864  4439 26422 16025 31652  7410 32274  1644 22655 31149 26620
 19561 20644 21846  5705 12391  6142 10308   583 29828 27378 30357  8835
  8417 17788 20136  8769  3373 27530 13267  9669 13083 24534  5577  9188
 19315 22051 14205  9375 16117 16636 24762 20357 12399  5259 28213  1328
 17102 24839  3433 18927 20437 21395 30192  1025 21713 13228 17596 10310
  8899 15798 11226  6391  6015  9253 17260 17767 31223  1270 17447  7254
 12036 21405 27265 10618 25324 28260 28350 20162 25740 20831 29909  1891
 18277 27615 13423  7199 15145 22298  6100 12935  3941  3408 14383 17820
 27757 29635 27234 20591 10078   325  9869  5402  6850 20366 22729 16268
 12633 24255 10101 14476 18578  6132 26632  2147 28405 21950  5491  5445
 21138 17996 14092 22435  3617 17214 26092  4536 12494 16678 18092 22838
  7017 25075  7104 23803 11727 18552 10517 13550  7153 12858 28973  4829
  5348  7642 10359 24855 13561 26823 25476 13331  7385  5882 18428 26958
 14361 20238 19567  5157 21869  8286  4845 22270 17463  8395 19615 30992
 16672 29755 25838 12659 27416   669 13753 14124  3808 18165 12150 30923
 30340  5662 15849 10084  5040  2332 16510 32168   694  8059 18226  3521
 20012 15077  2556 30226 20854 11018 11593  5595 12332 25723 24307  7486
 16601 31993 10539 25572 10888 29761 18272  4311  8762  2786 20859 30676
  7023 23684  8322 15178  2085 15914 23087 21203  1894 30037 10879 31848
  6168 20052 26373  6199 31916  5664 31900  4802  3161 12170 28057 29050
  8815  9649  5696 20041 21424  8079  3158  5158 24023 32186  8694 28285
  6769 28472  6683 21905 16519  4388  5490 13842 31390  4961 11972 29513
 26278 28296  5410 32212  1213 20445 31758  9757  6018  3156 23548 19590
 18343 23557  1371  8328  2955 20148 21947 17529 29479 11802 30045 31162
 13629 20212 29065 23885 17142  7917  1453 19798  3421 21859 13075  2241
 15182 22281 12548  1664   729 24232  3142 17111 15258 29684 12620 11846
  2843 22418 27572  1094 17251 29490 10387  2889 12553 16526 13596 15970
 18199 26835 11326 15443 19758  1613 16409 30062  8577 15094  1447 26389
  3250 18460  9472     7  1472  9313  2992 18294 18650 17046 29269  2129
 27259  2965 15276  6738 27638 21371  5996 26023 12973 22073   617 23593
 15628  1069 24588 27653  6868 11539  2176 23930 14048  2179 20659 27758
 29440  9635  4650 12114  7159 15879  2550  9368  6695  5265 17865 23961
 27670 10275 17689 14025  3802 25709 30940 22050 27688 19668] 被查询，新的准确率: 0.66
样本 [27091 12328 25634 18123 20639 23620 28973 11195 20106  3111 18331 18504
 10119 24459 11797 11645 29641 27513  9799  4789 18002 22688 14136 12424
  7865  9788 29106 26485 26614 19607  5495  9632  2633 24333 30399 13771
  9477  4669 23823 24147 28797  6699 13325 23442 23866  8405 20729 11042
 21294 21608 18440 14145  6302  2594  2170 31498 30294 13820 21769 20307
 25883 23452  6259  4497  3297 19170   244 18394 20270 23759 20568 19441
  1207  6350  5681 28725 13964 26075 14419 23358 10200 19236 15039 14084
 12336 25919 12201   486 14152 10281 19142 20953  4965 27929 23287 26744
 19270  2530 31314 19612 28705  8610 22812 22521 16364 24423 25927   337
 28288  5527 17780  6004 20064  8552 11371 13838   453  2157 25847  6793
 22607  5170 25282 26531 24705  8864  7958 11688 25874 15594 31481  2422
 11114 17413 31940 29975 26302 12013  9479 22305  8853 14615 11995 18959
 22033 27533 10739  5183 12536 21123 20278 12834  7554   493 30233 18389
  4705  4205 14919  6007 31622  6680 29203 24504  1739 23622 18156 18702
  7862 18452 11244 30732  5413 22651  7702 28512 21780 19006 13580 17528
 10074 15651 23802 20139 30098 14038  2603  7608 30385 24641 19240  9188
 12295  9504  6713 31281 26386 20826  5356 16129  8149 12025  1251 16117
 26775 11229 24030 14242 22698  9756 11509 30853  6561 17359  6630  4744
  2091  7377 15612  7947  8949   665  9070 28417 20426 20504 26319 28320
 27979 13066 30379 20127 22808 28765  2702 15370 24099 16379 15523 11856
  9735 27536  6829 11230  2250  8269  8095 21591 19197 25006 15580 15368
 21495 26709 22192 21462 21901  8865 27322 27366 15107  9602 31648 13478
  2712  8477 11674 12721 23144  6577 15989 20435  1015  3354 27838 14462
 14844 24650 18305 17785 20537 16193 23819  4679 21066  3156 30157  4328
 21797 14761  5303  7604 12247 28280  3746 18146 12741 23516  6054  1383
 25099  6108 19359   350 24135  5316  9801  7222  5368 15645  4945 20075
 16329 18841  8332 15741 22423  4568  2411 10268 26982 31485 16469  6423
 16448 21626 22128  4086  7200  7168  3559  3758 13216 26303 18119 14742
   364 30658 23762 14976 18099] 被查询，新的准确率: 0.66
样本 [ 7881 15561 28228 26198 27058 21668 23708  4061 27109  6918 12350 19585
 28299 15011 17402  3922 11948 28912  3412 10642 23913   285  5817  4708
  5624 13521 17326  1349  3087 19354  4156 26767 18500 30088  4962 20687
 15881  2884 29704 28809  6592 13613 17439   604  5927 22690  2763  5520
 12927 16568  1414 23638  3610 15183 19110 24384  1058 13660 28202 29290
 20294 22456 24700 27777 10331 22128 19421 30315  6109  4797  9453 24251
  2666  7122 21000 23955  7859 30303 25977  6740  4223  2152 21727 18566
   632 13091 28073 31057 17531 18363  1398 16098 23393  4599 18840 26408
 11665 24177 27308 16607  4277  4925 20984 18917  1125  4407 25088  3632
 19290    66 14790 18666 13732 21162  4991 27163 11690 13683 13366 17613
 13641  3336 10695 21633 25414  4017 15727 31363 25101  4857 17467 25178
 11443 20396 26373 10987 28802 13031 27748 28895  2539  7289 18336 29137
 10263 21034 10962 23634  1106 20537 28567 11056 10082   675 31540 29574
 17338 17638  8008 10208  4772 16108 11549 25926 30345 27739 18181  4010
 22555 26813 23290  6812 28235 14740 15717 26907  3370 18687 22651 12404
  4449 28226 10313  8766  7646  4404 29891  9734 31424  1543  6038  5383
 18211 27202 25294 30503 28505 13995 13327 12147  8380 23993 18313 14738
 27309 30807  7806  6124 11261 26542 22632 27280 10882 12765  1451 25058
 28990 23361 14657 12627 28134 21849 13331  9889  4569  4680 17678  5977
 18689 18231 20169 10131 20873  1528  4833 12864 29718  6796  1666 24421
 14330 15420 11033 20454 13899 27686 31497  3649 10634 24739  3439 30851
 27742 25523 22904 21078  6908 31174  2710   924  8979 11258 10447 19103
 18123 19856  9615 23686 10494  2322  9807   156  2612 24980  8902 17046
 21943 17603 14343 14518   969 13381 14066 18880 30435  5604 28474 12233
 20375 13302 28295  6111 12958  5535 25614 13518  5515  4101 22978  9636
  7343  7951  1713 23734 14341 20598  8836 31328  1190 28343 25854 15977
 23083  7435  5686] 被查询，新的准确率: 0.64
样本 [  685 29454 14231 19445 15151 20934 19175   545   784 25117 15494 24064
  8148 27282 20007 17625 20275 16652  6331  5522 29155 18123 12528 29074
 23030 13759 24199  6670  6907 23041  9119 17345  7044 23689 27553 25712
 14841 23272  8985 30605 17980 14318  9646 19540 17640 23284 30001  2902
  3631  6350 20930 25875  6536 14040 27777  4852  5473 10692  8333 22935
 13493  4304  8953  9601 14799 22549 29108 27035 20115 11958 23453  9407
 11506 18909 20796 25697 13054  1981 21590  2027 16965 10031 27693   918
 16600  4827 28812 13137 19191 14653 29232  1523  5830 23338  7993 24246
  9328  1167  8363 15535 31259 29154 14365  8268 30188 30066  8258 10572
 21027  3819  9010 13608   190 18553 27329  4944  6492 23607  6748 30219
 25925 20696 10588 11513  3143 21934  2868 21301 12218 25214 15058 13690
  9893 14756 16054 16333 28381 27256  9754 15359 10482 22357  9175 28717
 30290  3609  1287  4755 27570 28365  9592  9419   211  1015 22386  4424
 15519  4590  3700 12203 29531 27836 24682 18264 20208 27839  7489  5337
 24561  6826 14795  8647 23900  9666  1504 17002  3289 19841 13348 12417
  1371 21427  1174   658  5373 24637 29786 30178 22987 13095  4414  4495
  7360 13917 15943 23413   229 19895 24856 29811  7014 21764  6886 15078
 10029 20682 20404 27557   411 15826 29447  3196 21405  3775  2538 20201
 30166 15460 28750 17741    67 14465  2916 26870 23225 12890 19727  9657
  5399 28857 22416 29564 30852 12766 28038 18258 10928 26438 22893  8039
 28625 31262 10736 10780 16227 25420 17922 10527 24198  4209 19576 23170
 15339 16997  9624 26612 29134  1143  5286 16852 25806  6234  9363  8871
 12932 22424 12842 10228 13720  9399 28303 25552 10909  4505 10287 19050
  1094 18593  3855 22180 26315 11777 19242  5751  6123  6490 25555 14549
 30722  3860 29633  7314   695 24935 13154 23922 25940 25112 15376 21737
  6304 23521   140 22999 25043  8785 28567 28408 22731 20204 28045  4142
 25158   478 14393  8802  4686 17786 23236 27782 20028  5934  5436 22060
  6766 26494 11040 13891 22021  6684 17517 16829  8587 11846 20312  6446
  4735 19197  5809 18507 24105  5217  3716 25973 29501  4065  1044 20219
 14872 29645 23359 26019   659 12586 28373 13880 18293  5538 25797 13029
 16794 26916 11331  9240 14754 12875 20268  6634 16457 10330 20497 19275
 28530 12702 28926  5774 23184 13357 23864 20519 26294 19589 18747 17621
  2793  1208] 被查询，新的准确率: 0.67
样本 [ 2825 15832 27777 24501 22043  2262 27062 12944 30492 30670 15157 17150
 23353   545  6721 10634 17994   585 19190 14268 24498 19510 30035 21977
  8880 12525 12593 18583 12995 19068  2584  2068 26724 20377   695 12559
 27128 16944  7000 22828  2809 18566 11103 17380 27258  5413 10293  2968
 19684  1233  9972 26874 12321 18061  5372   842  5865 12048 22985 10851
 11980    91 29331 25175 10297 17945 19199 18616 30878 11120  2456 20607
 11380  7934 29351  8590 18631 21663 18908 25813 18315 15725 20328 24624
 24848  1121 28222 13236 21617  4572 16081  1717  3996  3624  2249  6809
 30079  6385  7884 16271 14424 18776  7139  3567  1618 23504 16945 22302
   610 21049  3394 14429 18926  5398 23203  4132 15164 27200  9273  1766
 29708  6629  5275 23982  7489  7174 16670 20608 21805  5015 22988  1362
 25457 28366 29612 26299 30362 22132 10605 24769  8669 27697  8788  8117
 29660 22577 24274   115  7782  9405  2588  7001 25121  7769 12522 28043
 23605 29808 14617 11420  9653  5872 12189 17763  4780 20724 13553 12079
 19298 10494 28048 16066  4819  7377 29484  9635  6886 16223 14969 26620
 20735 24942 21692  6379 23969 13909 12357  1710  4652 23484  2443 22494
  1752 25108  7659 29600 26179 15858 11448 20096 16728 10210 10955  8359
 27754 12172 23468 29365 19619 19572 15376 19009 23988  8696  7357 29667
  5375  1060 23694 15724  8113  3154 30372 19309  4853 10496 29666 30688
 16574 18984 27307  9771 17273 30464 22621 17402  7210 25079 14889 13302
  7667  4030 27051 12481   827 30213 10223 13825   543 24937 29622 18279
 12074  8685 18803 28355  4175  2865  4556 25075 27416  9620  5071  5226
 27998 17917 24044  1590 16558 29047 20721 27984 23476 23973  4090 16703
 15200 19142 28777 18470  6567 14734  6253 30548 16640 27543 29416 12446
 13846 19462 26165  6661 18029 11533 14615    74 28539] 被查询，新的准确率: 0.67
样本 [ 2172 23128  6650 20946 14611 30379 29110 24889 11336  8725 10599 26397
 21747  6193 24679   247 16842 20517  4576  3305  3922   743 20134 10034
 11552   478 24579  4592  6178  3685 22232  8551  7506  3910 11788 24875
 26655  7376  8293 10157 14407  9720 23832 13879 10717 23839 16569 14869
  2977  1644 27547 29122  8731  6801 19104 12105 15021 23829  7613  9444
 18406  1532 19042 12983 27114 17725 10145  5139 13850 12269 12679 10298
  5061 13503  8439  6266  9054  8563 24963 13220 26301  2772 20282 27579
 23657 29836 10745 17069   462 15084  7557 22993 18207 21353  7292  4280
 28979 14956 27005  5213 29333 26239 21157 18477 27720 11547 17527 15182
 20524 20681  6349 16263  9007  8386 27014   927  8947 29562 26733 21994
   222 12844   616 11156  3370 10378 29961  3395 20649  8590 11168 12424
 27826  8964 13961  2918 25309  8275 26678 16808 13881  4840  3988 16414
  6624 24808 10569 18045  1724 25680 27126 25851 20627 28165  8356  6685
  7714  5668 14937   975 13399 18661 29596 17660  1231 16232 28485 13453
 29286 12167 23908  5470  2901 24778 27774 17996 15079 20080 20644  6312
 25979  3255 27083 20842 29924 21237 28111  7977 27319 10985  4708 12779
  8700 28919 22241   268 18592 23433 28836  5237 18546 13624 28624 11140
  7700 15818 19737 11186 11210 15385 23242  7119 23619 11873  4965  3315
  1370  4857  3999 26608 29479 12033 14590 14724 17847  4649 23745 21139
 12749   180 22550 10111 22373 27526  7231  3029  8295  1893 13872  5566
 16010 27723  2533  8029  3968 19827  2393 19108  1228 17302 30049   269
 16530 21336 28718  4785 19639 12882 17592 28268 15072  6037 16107 18702
 17342 23272 21675  2045] 被查询，新的准确率: 0.66
样本 [ 1882 17136 19455 15611  6171    56 10340  9314 24827 21165 26212  8382
   524 13693 27742 24967   186  6775 14030 19200 15109  3713 25637  9269
  4616 13089  8034 25950 27081   562 10474  2454 15475  3835 15921 14596
 10429 20895 30003 15872 24945  2324  9953  1374  7390  4992 25651 17739
 18964  8041 18764  7674  7588 28791 26231  3446 28342 22078 25422  8522
  3790  4083 28104  7877 16030  1953 21076  4065 19135 29683 15640    78
 27907 14623  2752  2888 13462 23643  6404  4172 15613 10918 13208 10273
 28031  6189  2150  3575  5500  5087 20769 22245 15450 18318 15058   625
 21401 12741 13853 19010  3444  8739 15668 12204 14732 11147 24987  6976
 28290 11083  8572  4371 15077  5844  4458  3544 16548 21060 27180  1971
 20945 16275 27128  7264 13184  2920 13597   115 22131 29789 20936  8596
 19665 27668  7760 29027 28523 29867  5328  7130 21717 26537 17389 23731
 13978 16573 22121  2532 18890 17022 18531 17427 29843 25549 16712  7772
 19962 12329 24915  2666 22521  9615 21589 29092 20860  8058 12337  6595
 24705 24492 11101 21039 23016  5791 22706  5342 18936 19833 24854 16449
 24913 20620 11614 19271 23088 19706 13658   813  9187  6412 10965 26521
   555 16178  6821 22613 25248 17265  1124 16897 22491 25733 29826  3010
 24001 24602 27779 12171  5318 27051 17550 28873 28339 23761 26875 14350
 29940  6698 17746 20975 14095  9853 22355 14175 23273 22522 17043 21425
 21462 28114 16495  5445  7011  5345  3996  5701 10285 20618 16437 17705
 13270 18717 19897 14543 13577  9084  7138 17452  3294 16091 16541  9320
 29886 22067  9747 11012 26767 22925  4365 25887  8346  9683  4515 22167
 21371 16328 18644 24629 11474  4102] 被查询，新的准确率: 0.67
样本 [13581 24714 24691  9511  6142  1969 29455  8126 11231 15287 19939 18323
  1582 13945 26009 28424 26064  2777 23809 24176 10425  5327 14068 17856
 23367 12774 29573 21705 28784 14189 27780 28577  3156  2023  7721 22831
 29015  2868 16040 18493 28387  2584 11984 18562  5779 26469 16526 26913
 18050  4528 20321  1357 18676 25403 28101  4725 13144 12870 28518 17282
 29221  8833  8100  7146 23876  1666  2872 14183 22785 21839 18862 17085
  7203  3416 19367 25793  6376 24177  7674 12876  9576 20620 28239 15739
 19757 13769  1332  9432 11734  2158  4587 14409 16074 18491 26362  1783
 20553  1590 15355 22727 19827  3435 24585 16633 22016 22472 24384 10431
 22593 24701 11938  1753  2013 17215 28523 16608 26420  3336 24017 22521
  4174  5336  2485  1877 14473 10520 20103 23627 25568 24301   239 24532
  8649  8238 18447  3813 14714 29838 16753  4976 15632  3361 12200  8699
 23142 23674 27742 20033 19424 19420 14119  2173  4157 20746 25295 26755
 19279  8967  7228 19777 19508 28494 25645 21965  3609  2987 17559 21886
 14949 12896 10284 21666  2092  5944 18657 28203  2935 13261 19399 17858
 18183 23210  2988  6125 17954 25371  3995 11061 22791  3354 28805 10414
 10884 26430 22947   579 10855 28059  7406  6270  1242  2809 13054 23046
 24970  8008 29374 11249 20250  2109 24856  9514  4318 15442  7587 24246
 25224  4249  1255  9117 12154  5538 18556   190 17243 13123  4787 25963
  6212   314 28780  2841 28846  3556  8329 17025 22017 26796 15416  4864
 29147 20012 24839 23565 28128  8322 21788  8743 12366 19732  4951 27447
 20282 29928  4224 28158  3024 10323 24841 24884 10043 22632 19228 12504
  2637 26703 22204 13792  1221 16606  7798 21880 22848 18920  4152 24685
  7728 10922  1938 18619  5825 13322 11199 29879 28136 24781 28582  4642
  6429 24653 18871  8486 22154 28566 10391 11227 19313 19405 13402 13962
 20638 17290 15538  7389 10556 18187 16333  3738  6341 13297] 被查询，新的准确率: 0.68
样本 [13240 23717  3064 29011 10343 18093 19394 15133 17357 24293 25224 24478
 19018 24043 23506 20101 19235  7916   650 27599 18502 26354  3769 10070
  4403 22942 27663  3072 13827 16905  7571 20619  5626 16461 17367  7910
 20481 26479  8510 21364 17609 20548  2944 10386 16147 11015 10001 21883
  2733  1878  8861  8322 18567 16551  6545  1641 12022 16095  3693 22488
 22116 16734 26587 14400 13229 12642 13623 21814 25444 27098  7078  3471
 26616  8958 11454  2828 11598  5238  2464 25357 24019 26617 19872  8839
   281 26210  7253 15548  7810  8283 18787 26391  3431 10140 26342  2806
 25018 21657 13162 26203 16340  8070 12922  2349 21250 24655 29655  4493
  6122   946 17600 24613 16951  4859 26196 27849 12151 22364 16021  9585
 17686  2060 22391 10116 26384 13977  6233  3329  2402 11974 26597 17676
  1361 24291 27507 27379 28069 25588 12758  9976 22207 21779 11314 18821
 11421 24301 27614 25794 29577 17045 23108 17306 16436 21791 21501 14318
 17403 27252 20717 12994  9489  9083 19648 24842 23166  4677  4534  1058
 25714 27099 11691   403  2735  4693  1769 24626 12522 11211 23908 16608
 22595  7620  5492 14841 21198  5530 16424  2271 18292 11579 28538 11168
  5195 20033 29290  7231  6383  2892 12782  9054 13727 25425  7688  5613
  6028 23309 27390 26362 28434 15587 26512 17665  3203 11115  8353  7708
  4342 29412  8374 24934  3607  9696 13296 20795   485 13749 23953 11433
 17287 20247 12794  3621  4763  2059 19287   798  2389  2774 28997 15624
  6659 18560 14629 23372 16490 21989  4274 24649 29390 27650  3949  4952
  5816 22360  5389  9197  5121 23860  9435 16204 25688 25022 19984 29186
 26826 12965 26522 28952 14071 16683 10275 14501 20953 14748 12449 15070
  2205 24205 10512  4991  6148 14795 13715 29014  2676 18920  1134 23391
  3054 26764  2274  8619 16247  7587 13432 17749 25689 26033] 被查询，新的准确率: 0.69
最终测试集准确率: 68.76%
