样本 [18244  3838 41390  4524 47923 33654  7449 42999 11234 38131 11930 27193
 42236 31757 12468 35436 51686 39069  7866 32594 36569 21542 23608  7105
 10165 53506 40139 18003 18279  4639 37782 22430 33686 42356 52831 22365
 53919 14934 44758  6560  1211 16099 28072 30874 20926 40238  2043 16991
 48941 20352 25086 53091 37413 41588 18633 14627 40549 21866 16559 30300
 31922 30217 44784  9489 22115 44062 35689 29298  5276 30469 38017 35756
  7654  4166 37564 26340 41342  3655 10363 26396   988 42048 48702 50799
 16854 24669 43635 41014 12751 16380  9153 37197 22357 28107 12900 35124
  9634 50818 17978 50952 35305  5169 22226 27847 43849 43988 31371 29289
 26492 21521  7428  2858 52667 38498   311  1473  9987   833 23556 43164
 37948 33180 40195 47847 38579 47251 36109 41066 48001 46070 42238 27702
 41462 29032 44145  1111 15618 32315 25662  7403 50838 28831 20459 14824
 43163 36913 44919 38404  8791 42979 16749 35980 54063 11206  8480 41901] 被查询，新的准确率: 0.87
样本 [26748 18851 46208 53699 10464 40346 32406 17903 12349 24581 23761 13537
  5651 41582 40424  7560 39231 26100 51836 50976 48686 46980 12308 42259
 14860 50312 43683  8073 36562 49011 29040 27742    65 12946 53218  4974
  6967 28337 20942 52606 49333 24397 34143 33927  1487 53666 28970 13104
 37731 22815 40550 35740 46762 25681 51249 34459 20691 10997 33310 43032
  1196 43531 25604 49112  4043 27194 27389 32443 23567] 被查询，新的准确率: 0.91
样本 [42180 49477 52135  1852 10418 52563  8798 34285 12371 18322 13076 41275
 16636 44885 26580 19088 31144  2816 20906 47014  7780 23843 10310 49217
 23122 34140 20232 20452 40020 45597 29048 45736 27278 51671 24549  2579
 29728 53988 16875  9925 28683  8779 33251 35481 21450 20399 40265 47013
 18687 16023 32938 53342 17085 37041 25842 32659 26771 22139 43495 11727
 54512 21409 18120 23570 26583] 被查询，新的准确率: 0.87
样本 [28878 15439  4601 12569 14543 32753 32981 32217    48 17477  3810 36670
 51534 49351 37635 28338 31728 39127 41833  9488 19066 47299  9658 14552
 42413 25429  7031 38944 34862 20009 26987  1285 18726 30766 10875 52336
 50024 50178  7965 37118  9483 17525 20256 38942 47211 47051 16972  8347
  3310 11707 23507  6889 20835 45862 50919 24925  1175  7950   211  2198
  7499 40959  1878 53692 34999 46068 35651 12570 37531 12722  4405 16179
  4290 36157 26729 24773 22241  2966 21094] 被查询，新的准确率: 0.97
样本 [24172 11720 40633 53495  5565 15149  4281   334 19909 40387 44118 25100
  7459 33160 33303 14011 33064  5938 20714 30222 45319 31826 23777 46686
 40431  9895] 被查询，新的准确率: 0.95
样本 [14396 42451   533 12113 21901  6336 31707 52325 21106  8949 44096 17670
  2502 42163  9541 52311 38099 22882 48008  9102 20068 21118 28285 26456
 10100 21214 45060  3298] 被查询，新的准确率: 0.98
样本 [42537 49260 10567 44351 15349  2826 26282 22022 33781 25006 43378 51619
 33192 43085 26955] 被查询，新的准确率: 0.98
样本 [51378 28242  1806 53695 32773 15786 21175  6517 31342 31242 34093] 被查询，新的准确率: 0.98
样本 [33033 13031 46881  7114 13010 39694 26092  1034 10981 48272 53487 27761
 35496] 被查询，新的准确率: 0.98
样本 [ 6168 33909 47590 32183  6348 32106 51769 33355 32398 40975 46333 14416
  5688  1811 38899 44404 34648 40944] 被查询，新的准确率: 0.98
最终测试集准确率: 98.27%
