样本 [33264 16888 24395 11911  3758 15979 51280 25291 21798 23962 30624 46071
  4522 24994 30837 30570 53150 49797 49153  2189  6866   205 32452 53076
 35234 27710 23909 14889 33621 53981 16538 25148  6281  9550 54838  7285
  7390 42773  9782  9421 47802 28169  2630 28634 12605 19557 36412  7620
 30161 29100 45248 17554  2977 24586 39177 26054 37482 12140 33064 52639
 23400  1645 13976  2462 29823 26209 27415 44758 47599 28485 44821 34344
 42191 52783  7658 28802 32069 20034 44426 33286 23430 52644 28818 52454
 52555 22778  9946 17021 51593 52356  2235  7304 26611 23686 38028 23983
 24108 28261 44145 53411 53223 54393 27707 48058 12490  9659 36992 48482
 26226 24278 17737 48918 10360  1557 27387 15204 43797 16603  1739  6573
 51897 33364 41285 34863  1113   681 15789 30950 51087 32265  8405 46407
 44412 22028 29463 33874 50314 35539 25369 17792 29055 39344  4978  8364
 46664 37190 29746  6849 40549 27572 35188 23770 23911 30636 13363 20347
 16095 51211  9742 16243 23753 12549 54290  7222 13279 47759 35594 20979
 10398 54730 12653 23933 44053 22162 31718 25592 26755  4951  5951 32100
 43398  8542  7771 52923 42504 19200 37144 39147 36577 47743  4594  8587
 11039  3266  6763 19221 40676 36697 25811  9982  6308 36905 34259 34430
  2179 52499 54493 41485 23959 17229 13805 39272  5823 35544 38356 21991
 43851 22720 28446  6007  9909 39625  6607 22612 47906 26401 44803 17440
 44261 29555 22107  1331 51116  1391 10530 13112 39871 42553 12845 54670
  6354 41184 52032 46702 47257 13384 40270 33068 15415  6875 18123 31379
 12531 53892 42234 53539 53970 11423 37285 47018  7719 37615 42112  3117
 42326 43652  4526 52377 44479 37779  5694 48587 54587 46551 30987 10291
 14144  9993 20358  5207 54280 22876 26861  5402  6672  4286 20457 17209
 41462 24775 52241 13039 14701 18013 41974 25443 22800 20407 36291 25191
 37757 15858  5329   865 27177 29035  3022  6968 24786 25370 42519  2056
 17104 10859 21544 31057 40101 19091 43062  9359 34093 54557 42068  3633
 21568 14834 51310 35763 24002 36101 45164  1370 44111  1063  4399 52717
  4117 20561 17246 39543 14267 12255 18167 41117 17691  2177 15018 23904
 41495  2560  2027 20919 13823 37459 38097 27619 47290 54206 29319  3430
  9873 15807  3132 10579  1111 29473 37440 52871 28419 49447 41322   526
 40865 11571  1730 28303 26500   460  3408 46394 38186 18148 16356  5221
 40745 37945  3963 27333  6165 19176 48622 35006 22741 48057 43971 14455
 35193   135  5285 38446 21278 49657 30200 17017 13278  1742 43309 14020
 54213  6520 43354 21747 10689 22736 44472 41979 48471 47572 53710  3563
 53249 26555 18352 22228 42834 47434 49001  1978  8970 43550 11263 22543
 35496 45663 51768 12175 36305 31006 14691 11799 40227 51885 39244 43029
  4843 36608 16516] 被查询，新的准确率: 0.78
样本 [ 8612 32768 10986 50035  5204  2331 26060 27207 40713   547 34079 39716
 43485 43992 54076 52129 35874 43357  6022 21159 21728 11375 32684  1338
  5737 39373 27893 15635 44664 28086  6850  4483 52831 40686 51346 10411
 52099  8259 14293 49559 21632  1925 52985  5269 29543  6362 36586 26912
 11371 14007 26169 16729 45066 34109 26223 19889 23592 40984 40556  3526
 29452 28574  7336 37469 31730 13300 43757 34482 14976 40705  2950 22767
 40117 31410  9727 15065 47447 51253 19035 11686 48223 44778 33184  4607
 48162 32249 30990 24319 25659 13334 39828 20878 38076 19544 32946  2623
 50031 17174 47747 45324 25209 31015 17925  3977 45003 12894 40782 19577
    12 15434 15532 49895  4278 43437 41721  1957  8213 19711 40366 37624
 31359 43806 32275 26559 47548 42601 51275 33547 48963 30345 53011 35944
  6659 49908 31890 54049  9133 49236 27612 14675 33178  5086 29081 20770
 14246 32622 38764 30862 47199  7542 16695  4217 19380  2783 40833 14846
  2312 13653 23930 43561 25475 33072  9814   587 26484  8503 23969 40214
 50955 50513 44701  1343 32999  1438 42167 42551 23861  3489 51817  1350
 37746 51977  3016  3768 38738 29835 43739 35133 53848 50032 25261 47476
 40682 26006 35857 21180 14225 10551 22132 10156 13139  9822 21901 16600
  8773 22283 41253 44863 37503 14888  7208 40385 30901 27720  1431  9444
 38456 39465 29700 31477 17326 16432 35720 17522 50201  7895 14206 47003
 31174 14954  8427 11698 36184 52010 36902 25109 41594 34501 39249 24675
 11149  4792   139 49535 20334 45892 36240 21676 17368 21856 34301 30360
 32347  8929  1982 22597 15452 18052 33774 11349 33515 35808  9221  4994] 被查询，新的准确率: 0.81
样本 [ 7409 42982  1746 12602 13985 33132  5443  5771 29748 36442 46630 36616
 14559  3464 40331 41955 49084 28294  3292 28726 18702 46799  2128 18402
 28857 45467 52945 21757 10574 27835  1466  3064 36974  1155 30439 20266
 23535 36471   908 37944 40695 12675 12946 21734  6974 27020 47846 15847
 29080 16444  7746 10874 12621  9864 12542 46560 21891  6594 42034 45820
 53628   550 29657 53682 30010  7047  4634 51850 51023 44865 13641  9593
  4232 41587 43367  8507 26749 54079 38768 37357 40873  4828 21489 26716
 33603 36317 13531 41798 23711 10566 39901 19261 20734 29567 26103 40350
 28866 12182 13071  7881 30711  8568 45549  1051 22001 53074 10738 37926
  8804 20885 32941  5183 35250 48244 23149 31266 15384 32722 21014 51714
 41403 30209 31241 44846 15626 47531   143 23906 19712 24970 10182  4370
 36387 30074 50674  5352 19164 20907 40134 46385 45711 49415 40323 21282
  6429 32347 50956 27998  7575 38483 11796 44528  6896 18459  1829 36535
 39712 35737 49975 38744 19839 13749 37761 40821 23416 10918 48132 10336
 43859  8994 28522 11727 34066 40353  1093 17132 42285 43956 47356  4328
 43240 52800 47296 21996 43143 36145  7821 53377 13954 19249 39552 13504
 18107 45984 21315 32218 45148 46397 42212 51919 46775 35520 42039   598
 17867 32403 18341 43358 45348  2818 11331 20191 36481 10265 47731 37906
 28148 30993 33379 14951  4907 13080 48609 20520 49911 17797 27680 46266
 49536 34801 46071 13443 39922] 被查询，新的准确率: 0.96
样本 [46472 34612 16890 20406 37520 23892 12688 51406 50076 25564 43678 50698
 10131 34318 32819 52675 25170 42676 31903 22102 12873 41359 53371 24595
   661 26226 16106 49057  4468 12345 31600 35441 19243 29358 21768 15486
 43400 12239  4081 31309 30803 42658 34447 34627 16202 44602 37172 22313
 43753 41407 12790 22957 40157 31059 37543 33802 19082 32523  2825 29352
 33539 22837 44086 36142 34670  8080   541 28386  6567 27295 14462 23141
 33717  7664 44226 13845 14227 31536 36516 32286 14591 13700  9102 35656
 21028 49758 30460 20718] 被查询，新的准确率: 0.92
样本 [11782 15679 10794 36103  4042 33707 11341 41978 24615  4943  8762 23651
 18521 28966 14172   923 36341 28349 45965 33383 24159 28852  3025 28693
 15704 50732 38982 36941  5892 23326 34213 12109 24651 17307 10713  3793
  7081 18858 10030 23114 17204 53893 12628 16194 31330 22077 50868 13004
 24591 21272 43401 23053 45764 27703 35448 41247 34852 36964  6048 36476
 45276  8873  8001 33674 52667 40928  3013 39159  4230 33992  2119 52473
 37961 37876 50211 37342 44945 11574 50921 17017 41881  2915 10627 31918
  1286  4459 30876  3693 40778 19960 26390 26852  1752 26440 28083 21591
 31197 50203 37170 40655 53170 15702 16307 22456 42625 37156 25713 27648
 34188 15896  9150 23925 12744 39927 29554 44719 23888 45171 37261 20414
 53643 44513  8023 30819 53381 12859 49991 35941  9655 49727  1033 53734
 30597 27789 17505 31805 26717 28763 15608 22675  1929 24138 10294] 被查询，新的准确率: 0.96
样本 [ 3628 17656 14154 44727 22250  7769 18111 11577 46023 24923 34318 11032
 48635  1233 35822 20261 49082 12027 17129 38012 51853 11046 34639 38708
   504 18949 17779 34062 19833 34855 45389 44983  7966  5379  5902 48110
 25972 46814 41535 12873 45876  8008  5656  7609 15928 22441 52234 39364
 13100 52106 25698  3195 28098 32978 16052 13679 36456 28949  6131 32280
 28282 42740 40678] 被查询，新的准确率: 0.98
样本 [35867  6053 52272 48724  8693 37729 41542 51890 16513 10038 36085 11321
 13385 21879  1181  8122 19454 38010 42617 11314 12488 12844 37727 44160
 43898 27384 12126 51295 33289 31044  3683 33484  1150 22199 15537  2265
 28957 33854 16797 10553 45893 14526 48729 29644 52235 12610 12837] 被查询，新的准确率: 0.96
样本 [27440 46135   479 42591   997 18176 27198 37881 24430 16419 13053 12006
 25185 50569 43922 32240 46954 21150 19836 47008  3864 10032   873  5388
 16507 48029 33779   796 51557 17441  5093 13183  9286 50633 12598 41167
  4989  3452  5780 38639 34890 21361 49697 46280 23793 10444 50817  5705
 37022  3281 42066 19984 40136 33647 22564 53449 30284 36395 41646 21386
  7046] 被查询，新的准确率: 0.98
样本 [30469 26447 36928 45136 27634 22687 44407 34876 43856 52288 53519 41743
 25513 52671 51572 45188 16587 40434  4946 15941 27606 39106 33444 53553
 26313  8337 41913 19061 46474 36571 35513 41374 36633 28735 37265 25966
  2736  6737 35635  2561   203  1771 21691  8112 37011 53293 23993  6460
 44641 16483  8905  7363 16983 35430 40324  9277 16604 22305 42306 35994
 23188] 被查询，新的准确率: 0.97
样本 [34223 16948  1972 38159 43368 36487 40860 38386 29313 15739 50391 24767
 23503 35721 28849 10929 25006 15411 12082 36398  8563 27849 53298  5866
 52752 14048 18817 36435 20285 24984 27185 49475 40840  4210 46555 18803
 52091 30048 32853 32075 27255 31473 51493 50675] 被查询，新的准确率: 0.98
最终测试集准确率: 97.61%
