样本 [ 2733 20900  4756 ... 17845 21525  2524] 被查询，新的准确率: 0.53
样本 [31591 29676  1846 37594  7830 11533 17937 24609  7949   664  3617 18404
 29054 11250  9276 29812 23071 11469 21490 24891 35292 21968 28949 35042
  9154  3412 26228    35 33210  3936  8073 17739 28959 25944 15025  7551
  6661 25287 32560 25604  9174 25437 37238 22578 20388  7325 15381 37997
  4922 33984 35211 15393 18358 35407 31552 12548  4540  3120  9743 10458
  3966 11625 30336 15580   159 36007 37493 36845 29522 14780 18640  6213
 27017 15463 31096 28286  5126 25671 23058 31714 20709 37361 15374 30140
  8258  4951  3392 16927 12828 20531 14687  5993  9303 31835  6426 10370
  2528 16276 10980 35610 24414 37807  8178 25062  5008 23108 15272  4715
 11348   511 14274  2097  1188  4240 35715 30456 24529  9578  6630   469
 10368 23079 22139 25747  4059 20821  4418 15817 19631  6365  8672 24151
  6013 10261 28858 23885  8377 19811 14847 32301 20029 36095 36455 26724
 36047  3857 13468  1219 17768 13090 34389  6633 19497  6692 27496 30597
  6123  2299  6374 34916  5267 37386 34181 11397 25646  6923  9598 10218
 13129 26159 26580  2025  6693 27858 26247 38152 29234 15669 20053 25211
  8089 21565 32872 21360 37894 19800  5355 10812 28177  5489  4965 32961
 11315 11276  9153 30765  6943  8012 36761 16284 34326 37142 23367 32359
 30504 12028 21285 11665  3150 21504 34256  7402 25639 37817  3353 35771
   232  2971 24094 13722  3081 23925 19229 28378 23445 37305 29826  8951
  2489  5891 28609 16792  2166  1017 37871 25113 23467 22223 29217  6703
 28621 24904 16549 35898 11548 17490 26814 37627 28535 36158 28874 13567
 34895 24635 35881 18157 21467  9628 16180 22097 35629 24076 19629   777
 35452 13528 28366 37705 35926  4294   271 24179  7568 28184  2602 24887
  6813 28130 24360   390 29642 21089  6584 21799 17038  1616 29330 34452
  8533  2913 12791  1896 12128 24717 12183 37296  5258 37916 31527 37911
 33270 13154 23302 22387 19263   790  6151 13995 28511 12039 31449  9682
   158 36989 17801  8440 28054 21760 25313  1298 36698 32871  4390 22410
 28248 38519  4679 10699  6973 24965 33470 33182 10436 19905 14079 18141
  9716  9342  4778 11076 19183 36514   654 14375 10724  6459 11149 35517
 38032 24028 25728  1804 20758 24985 30251  9932 27403 22486 13781 36012
 29076 36589   422 30345  8448 21967  8180 28084  6100  8016 32227 36350
 33439 17551   705 27950 15419 35853 31700 38520  5145  7326 31278 23123
  6856 25419 32037 37496  5277  6014 14704 33561 20380 31185 36376 11355
 22411 17040 27269    89 21139 10861 16393  1104  8502 22337 10449  2563
 34742 28237  1694 13325  4632 22426 21245  4102 25991 22631 35222 25663
 19223 29762 16950 33841 37647 20090  9290 27345   749 23600  1369 30739
 16488 30940 13017 20001 13864 22616 23354 31210 19524 37982 23867  1858
 14480 30714 10771 12352  7172  7818 10332 25238 20815 19795 26166  9263
 37192 12441 14242 16759  1368 22991 25923 26429 35919  1080 14281 12783
 33988  6834  4416 26028 36092 13755 15673 22646 19473 35017  8956 17417
 10612 21988 32090 32393 26395 13065 10292 22768 21174 12111 16922  3657
 15167 10007 14299 34166 26272 22392   808   951 15845  2173 30370  7739
 27833  4747 33778  3867 36582 29027  1407 36669  1321 37172 10049 28403
 12661 23950 16510 16775 29232 38576 14317 12457 18315  1604 28214  4852
 38424 28920 24579 13467 10394 27313 15100 12141 31872  4167 18497 37963
 20831 37948 16831 27803 16157 14197 15257  9021 29331 34670 24133  7228
 17595 12646 18421 25932 18950 24031 23874 26689 15749  9162  6045  9816
 20779 25457  8663 15277 21719 37793  7780 37701 24770  2663 16418 12984
  3265 22174 12092 19732 14012 16898 31118 12360 26392 32155  8912 12270
 37383 33457  2699 26358 33417  2565 30808   484 26631 30137 29554 29964
  7675  3350 25024  3829  9150 26990  4115 21131  7788  1983 12289 32795
 13043 21455 26106 27126 37263 19579 15677  6386 16553   903 35006  9702
  9256 17662 13333  8393 34530 17035 25990 21812 21227 24994 25382   110
  4297 10191 14059 18425 18715  9268 38492 14775 35809  3011 12975  8314
 38055 22455 19731 27494 31751  3828 12616 28808  8536  2159  4784  9311
 11667  9003 30286 37562 37381 34091 31568 13582 35744 36449 24912 24114
 35487  7317 33200 16236  3548 13489  2288 23622  1232 27698 35626 32158
 22034 28398  6082 18644 32193 36892 17289 25637 32492 23575 37248 15976
 24192 38546  9164 31366 27354 20278 22552 25125 18891  8840  5743 24029
 11427 14536 29531 30801  2790 15038 26658 21492 31848 27867  4277 17946
 24129 18380 37758 29732 12760 20555 31702 12589 35592 34495  9997  9973
 33125  5371 20070 31905 20250 23979 23641 19776  1862 36042  3631 37994
 14495 15813 15141  9627 36267 15198 11487 19377  5488 28423 25897 33431
 14019 28826 25787 13244  5486  6325 11353  7318   736 13538 19402 20877
 30120 22542 34864 32625 32726] 被查询，新的准确率: 0.58
样本 [ 6491 11929 33079 22350  4775 31800 36268  3744 14620 16642  3552 23299
 10636 28104 33386  3500 18032   531 19128 22628 25002 19978 30646  4376
 30801 35287 10086  2709   312 35949 25371 11601 32854 29944  3566 33303
  6642 16606 22825 29748  3996 14072 13344 28664  3547    82 16128 29038
 29617 10998  5320  3550  7179  1799 21369 17983 13983 37462  6735  1899
  5935 13455 15249 16327 16079 11461 18946 21414 22352  2236  9965 30542
 32651 18665  5803  3441 14030 33464  6865 23576  2022  4167  7445  2923
  9499 27427 12197  8508 16548 19320  3340 18886  4524 14119 18879 30110
 11690  7743 17387 21381 31304   688  4270  6208  8004 21057 33966 17567
  3828 35317  6345 33227  9509  2875  1200 34739 32586 25254   647 20861
 16277 30959 23709 13544 29798 25491  6540 18597  4349 30891 25725 22644
  8098  8421 34362  6498 14754 35881 10802 31940  6032 19715  8934 21726
 15211 24867 34759 24882 13539 14571  7383 34829 23332 16023 28231  2986
 16692 15616 25486  1765 26742 18167 25659 12164 25424 16215   673 34227
 30900 29645   831 30553 23338 15057 20126 30682  2171 23903 20404  1117
 30628 10701 26038 15800    98 23574  3467 29181  8159 18184  4927 34424
 26387 11424  4577 33336 24900 34965  4582 27488 12667  1399 11096  8434
 22596 15454 15684 11116  1701 13400 36123 27957 20618 21286 33007 21566
  3919 29957  3844 11621 36578  8281 16662 20442 37316 18143 19783 23190
 29018  6175 12017 16771  3088 35129 15376 36915 22370  5784 23855  8453
 31967 17144 36765  5091 29489 33486 31066 35222 34561 22881 37408 18241
 30200 20394  8654  4109  7988  9297 32433  4155 23673 15012 32060 33629
 31614 18330 17630 10699] 被查询，新的准确率: 0.58
样本 [ 6290 13694 25858  6150  2232  1859 11458 22069 27951  8547 10711 27823
  4591 20705 31598 14256 26205   770 26677 20449 24086 35269 19012  9651
 31520 34921  3163  3418 36114 22722 21196 28547  3470  1908  3674  9192
  8170 26546 30304 36178  2119 26433 25995 26524 22866 25792 32470 31388
 34274 35177 29967  4576 31986 19643 29826  8772 23527  5375 16435  8343
  8912  9131 14816  5899 35206 31212   608 30504 12790  7060  4575 36186
 28112 22755 16875 17171 14803 16415 37385 25502 23953 34496 27901 17385
  1857 20495 11801 12870   220 24607 33150 17477 16498 19282 20624 19074
  7248  1055 36372 21234 34299 17999 17206 32282 34291 21477 35778  1015
 18175  6852 29693  6621 25897 26323  7752  7244 17590 20431 17050 33029
  7670  6599 29437 34795  7783  9795 22955  2590 29803 12454   442  1211
  6502 16207 10380 34364 23103 13618  5111 22608 37128  4243  9863 33464
 32874 26555 29891 16598 18710 21370   127  9555  3726  3599 32430 35011
  9330 19026 30101 26308 35990 34180 33463  8716 29431  9902 34237 29409
  1805 34666 20520 10929  4625  2177  5152  9414 17064 11145 34916 12988
 12281 14096 19133 34118  7368 33087 26067 28233 29964 22395 13256 13636
 25049 35339] 被查询，新的准确率: 0.60
样本 [ 2481 35784  1200 37336 17528 26382  7476 24768 25111  9208 13003 15430
  9222 17385 16004  2303 14243 23888 34798 33093 14306 14658  2763 12991
  8291 35341  4114 30482 32587  1095 10673  1454 11946 33206 13436 17407
  5527 17394 19424  5026 18238 18568 13500 18630  2279 15063  8490  2331
 25802 17145 34327 21815  1257 29432 23506 34539 13811 32903 11134 12293
 35430 22717   950 37052 14029 22084 20594  3561 14836 29540 20297  1338
 28845 10091   600 24824  5799  6974 17160 14670 16606 19905 24071  6984
 14023 35700 18594 16876 35347  2591  5121  5680 35934 17945 16529  1028
  2166 22170 27677 35091  4531  9566  8829  2681  5263  9593 22932  1938
  7408  5308 32417 29593 33109  5413 10791 10425 34913 35054 19175 33436
  4617 23711 14841 17053  7376  5760  4446 31317 22333 36081 13667   339
 36871 21178  6347 28086  8212  1493 20803  3235 24009  4745 16945 16987
 28504 20932 19233 33939 11863 10867 12183  6219  6834 11385  4402 14238
 37260 21955 32969 21197 20080 22463 33433  3650 33357  9122 35090 14246
 15988 12250 11038  6813] 被查询，新的准确率: 0.61
样本 [28144 22231 14592 34881  5051  6239 17025 19455  8798 17441 11659 35422
 17919  8315 20530 17080 15304 36307 21153 21667 33421 31301 23076  1938
 30716  3086 36455 33853 17868 18144  2127 18827 29243 17383 17318 12366
 36132 17488 24851 34665 23310 20448  9088 20782 34063 14762 30958 25937
  3686 16232  8856 20345 16990  9003 24060 26245 10718 19658 22002 12129
  4464  4005 11058  4340 27506 20502  2185 27046 36491 12819 37058 28386
 10897 15131 34005  8006 10497  8806 10360 33188  3001 27427 14528 25823
 17866  8927  7365  2745 25444 29413 17170 33735 16102  6057   681 22631
  5514 21683 25044 36580 23024  8179 11464  5603 24687 16191 32539  5931
 15890  7421 20845 31245  5771  1157 33196  5093 23457   529  8074 27604
 35528  8266 20904  8752 12235 26849 11054 14022 23609 26909 32361 22099
 23692 14019 14862 26760  2410 15724 10785 31051 35050 10029 11007 22985] 被查询，新的准确率: 0.61
样本 [35399 25435  1830 10898 24852 28995  3195 35140 27393 29415 10977  1418
 33952 33035 16892 10701 33627 21399 26297  6233 12242 28708 25100 14258
 16520 26682  5169  7116 12414  6669  4078 19552 29060 36970 27540 23422
 33689  2788 15958 10715 11443 21000  8279 11129 24827 21655 13669 27255
 22632 22276  5520 18600 19166 11535 27520  6904  3535 22306 11474 10738
  9105 17162  1831 28320 31006 20740 10853 33243  7113 23355 12505  8382
 25935 24983 27124  2901  2947 32124 11902 12174  8811 12436 13203 17206
 30824 19370 15998 30669 13950  5830  1634  3433 26071 13726 26732  1243
  9098 34998  4093  7535  7202 28829  6144 14790  6580  9531 32696 32497
 34676 11147] 被查询，新的准确率: 0.64
样本 [ 2872 13597  7486 14446  2920 36473 14433  8926 22065  6630 18490 13237
 33158 32423 31743 15432  7414 27339  5160 11476 20555 35554 28360  9397
  8318   647 36102  1355 34863 17416 31115  8445 31846 23860  4954 12702
  3008 34062 28545 35058 29791  1086 17282 19191 21515 12464 23417 24756
   395 30415  6981 18760 33790 14306  3845 23192 19482 21885 22705 29028
 17188 13927  2057 36764 32700 10742 23189 28082 17078  3547 17328  2749
  8972 28150  2051 29522  2391  3359  3100 32762 24644 22892 13298 34490
 22803  4304 18332 25674 18831 26389 34324  3251 25917 19150 27176 36148
  3428 14947 21804 21001 19172 18019  9278 12637 30307 10805 34356  8222
 31807 34192  6700 33506 16575 29313   546  4828 33505  8198  7091 16912
 21509 21860 16027 15104 17069 20602 24888  3689 15380 17258  4209 15224
 10919  8710 11815 35945 17119 29051] 被查询，新的准确率: 0.64
样本 [24787 33373  6174 33254  8139 11675 11388 17108    57 11739  4276  3920
 27517 15911 20839 10121 10761  8232 18469 33945 24002 16490 15012 30996
 33368  8370  6519  4430  6409 20169 25375 10828 22788 31364 24977 32687
 12660 11476 17872  9325 28847 31925  4858 21196 34050  3426 29071 30209
  6286 27128 14187  8235 35233 31498  7758 13787  2350 24249 35595 15643
 34888  2505  7959 19801 17005 19396  2365  8730 18040  4696 29344 18336
  3080 16517 22383  4300  9011   182  9105  8697 21876 12816   576 31440
 33863 26811 35612 28111 29926 20031 12241 20904  4995 20861 16132 35270
 24158 25354 25866  6337  4183 35352 25948  4160  1770 25228 14050 10918
  7844  3035 27823 14487 22241 28239 31815 10159   982 33646   685  3649
 14276 36309 19483 28700 35281] 被查询，新的准确率: 0.64
样本 [22852  6435  7541 11977  4915 28052  6156 22344 26137 17145 31319 36335
 17607 12730 17361 27735 19205 27060 19301  8962 36409  4323 30728 34997
  5045 19259 24256  5038  3068 31621 35373  4208  5688 19525 15126 12572
 20272 33649 23764 12005 34593 28133 26451  3651 29824 10891  3843 36313
 18840  4450 25703 22100  1119 11508 12747  2985  2459 22856 31593 12303
 33773 32380 18039 20414 33433  7844 10281 32286 15487  8596  4557 29066
  7004 25708 34703 15553 30499  3668 13986 20969 24645 27924 14582 12494
 20027   826  2214  6018  8486 13183 10270 33922 32466] 被查询，新的准确率: 0.63
样本 [10432 14977 25388   328  7175  2544 24103 25666  8439 35644  3215 11807
 15768 36113 22548 18337  7450 32978 29349 21635 34001  4152 21463  3022
 17346 22515 12733 16653 26275 24216 18700 12750   840  4932 14528 35955
  6496 11009 28819 35136  4992 13567  5722  7194 33119 31722  9243 29106
  1662 30850  6053 29560  8814 33411  6881  5954  2262 20087 32055 36017
 10527 22874  7334 28719  4639 26124 30012  1720 10613 34283 13904 27866
 35759 12845 34263 35369 11183 28009 15603 31486 10830 20945  6215 20009
  2737 22639 17343] 被查询，新的准确率: 0.64
样本 [ 7850 22278 14010 12036 31453 27690 25424  6286   459  2504 24269 32661
 27950 12273 30382  9215 36353  6560 30103 30044 25269 15159 31447 20089
 33170 34226 21509 19089 21275  9032 33713 22895  4080 19054 19028 11643
 18505 15561 19212 33967  2773 10420 12463 11568 31437  9095 18396 18145
 22502 12787 21051 13384 19167 34720 19703 28157  8186  7101 13784 14872
  1320 31973 35080 15676  4915 14821 24604 30507 20449  3548 15268 19013
 11421 36199  4465  7751 12433 31007  8172 22082 16267  2011  6795 24813
  9527 26583 24024 12847 33229 20701 20636 25699  6745 28150 12434  7097
 35771 17938 14474 18251 18771 14865 27829 10012 15042 13795] 被查询，新的准确率: 0.63
样本 [31543 23615 11640 16777 10564 35215 11167 32288 10652  7164 17362 36339
 14514  2917 12699 12480 20510 18630   837 18272 19532 20258 18058 26774
  4030 23900 25805 27900  9800 15617  1743 21203 10091  5139 28378 22453
 10079  6567 33032 31459 18622  3670  6841 31008 33519  2329  1187  8673
 33855  1552 15894  7531 34656 10132  8905 10232 33413 11092 24123 34071
 25628 18680  5817 15274 13724 11515  7190 27875 23435  9380 17808 12301
 15311 35352 28855 27618 13122 12609 27907  9068 23043 25218 28841  7122
  8272 27085  2481  5642  5547 25276   203  5833 21491 16543 12271 35480
 31939 25063 29085 17082 33983 26940 21586 24402 31832  2167 17389 21104
 32163  7439] 被查询，新的准确率: 0.64
样本 [21988 27169 18763 31511  4774 23541 19931 19523  6795 11443  4399 34082
 19500 31891 27989 24962 19097   288 13397  7384  5671  7879  8513  6312
  8221 29715 33022 24175  8038  3783   686  5824  8390 27379  9616 21917
  3205     3 19872  4757   244 28025  9886   427  9287   587 32404 24531
 22717 29667 18816 17984 19927 28905 34266  5791 13243  2606 27575 21623
  2276 12545 17253 34773 24029 34212 27761  6209  8152 26169  4237 31505
 34765 21081 29743 31121 20124 24402 35258 31909 29636  5393  1121 24891
  4800 27833 23319 30288 36175 23392  8777 24759 24281 17871  2209 35020
 34994  5522 27720 11765  5859 19166 11954  3020  9418 17468  7377 21257
  6143] 被查询，新的准确率: 0.65
样本 [26633 14021 15926 21506 15659  2531 19647 32020 13118 27452  3860  3522
  4660  1942  4323  2108 22767  1040 32645 33423 26713 20727 30940 18117
 21883  2907 17992 18488  1216  8131 25440 23538 24641  5885 27768 11005
 17150 21866 29623  9962  1130 21600  8859  2400 24244  7964 14716 10405
 13503 32016  2970  4881 21261 26857  8518 12733 27430 10050 22359 26491
 31371 19259 26330  4096  7689 31703 34549  3207  5262  1654  8828 26280
  6114 23818 18365 18149  9247 13551 17181 33260 34127 22248 23500 11501
 28082 32232 26163 13694  7619 30029  3670 25116 26081  8122   136 29083
 23553 21149 35259 27500 31345  6644 15756] 被查询，新的准确率: 0.64
样本 [ 1075 29805  5591 23255 26981 21853 16306  5155 18828 12582 20426  7308
 29906  1799 36018  3462  2055  9932 35959  5810 36005 25301 10745 35978
  6687 32753 29966 35575 11891 15228 21223  1836 16664 26891  6089 24239
 31929  1161 34698 22762 21059  5970 35852 31781 11959 32236 19710 33035
 17981 16823 20627 25261   985  2991 23390 27754  9316 22238 15409  7293
 34333 33260 17866 23840 22207  3149 18684 15459  8048 26761 26931 28884
 13939 12087 26130 24147 35411 35642  5154 21270  8780  2937 16139 21202
 24019 12526  9552 12349 32986 31775 11963  7070 13791 14220 16496  8180
 23937  7048  6253 25367] 被查询，新的准确率: 0.65
样本 [18681 34950 31861 21214 32312 32865 26625 13792 34212 26065  7401  5733
 21512 27866 21870  7372 17595 24104 16192 25426 30097 28983 20477 25365
 28327 20054 19386 11866  8049  7529  3232 12594 26646 33216 27126  1557
 13037  8110  3898   941  4793 29080 35092  8895 24212 13708 23690 18639
 30503 35598 15482  3768 30610 11914  6412 14825 20590  2125 17627 13340
  2423  9995 11239  8172 29422 18560 33460  6818 11450 10723 17593   255
 32233 10470  2126  7953  7680  9710 12666 24058 12238 27274 16796 31227
 27696 12534  4216  2213  4427  2045  5643 26035] 被查询，新的准确率: 0.64
样本 [32209 11311  2661 20967 17795 26613  9077 31957  8818  5940  8297 30542
 11661 18059 19499 20850 22022 15582  4544 17481 27983 31006 27294   729
  8446 33157 21355 23373 15580  1554 12357  3911 10989 13537 23888 10156
  4447 26078 13106 24547 34218 16172  1665 23547 11825 27176 11421 25957
 24341 29149 18900 16973  1633 27475 20010  8404  7488 26676 26356 15680
 28641  6747  4712 16168 26414 34818  5505 28918   758 21418  2447 16837
 27822 27634 31451 27704 11028  9628 15414  7536 14673  7692 31646 29322
  8851 33410 31995  8584 26301 13152  4527 31211 19414 24728 11088 28067
  2456 13125  6509 23656  2129   470 21840  7404 29841 25813 24447 27656
 16421 21525 12188  1181  9526 11791 21896] 被查询，新的准确率: 0.65
样本 [11712 25202 30874   608 26701 29246 15402 24626 17721 20372  6173 24039
 10503 35087 17165 34253   743 28943 35641 13116 11335 29394 25852 15253
 26842 30635 12965 26159 24968  8575 32471   476 29154 32272 18693  5750
 21485  3814  5430 16504 18987 16476 21008 30314 32869 16695 19095   570
 32166 32263 28235 12950 33622 14360 15458 15290 30361 28725  7299 14565
 26780 23674 32867 17204 25995   369 21428  7462 11433 13836    91  6461
 11424  9328 20036  6366 27718 10638 11261 28312 27476 20188  2859  4129
 18767 11676 26535 15599 27532  4112 28929  4177 20141  3027] 被查询，新的准确率: 0.64
样本 [15017  6746 29094 29255 22144 24054 24354 15385 14237 33870   526  6843
  3353 28448  1298  7881 22208 34741 15008 32043   755 23309 22563 28680
 29497 29122 32126 20304 18561 34849  8514 15330 21656 22242 29466 25879
 11117 34568  6861 32557  9556 23017 13591 30893 28734 33222  5357  1738
 24020  2655 30321  3230 35643 21398 33238 31490  9663 29913 20798 17505
 14553 11187  1759 28028 27993 26631 13837   201 13924 30047 30731   255
  7274 26158 14870 14185  5194 19348   115 18158  8934 32530  6796 23253
 19713 24105  9980  1177 17978 13418 14210 16804 21325 18063 16730  8214
  7070 26906 23442 16112  6098 28226  8668 19380 10755  2214  9678 11528
 35317 22334 12946 25225 29716  2640  1734 20066  4465  3130 15686 16264
 11944 21198  7807  5046 10465  6807 12654 16689 17721  8779] 被查询，新的准确率: 0.65
最终测试集准确率: 65.01%
